{"/home/travis/build/npmtest/node-npmtest-svg4everybody/test.js":{"path":"/home/travis/build/npmtest/node-npmtest-svg4everybody/test.js","s":{"1":2,"2":2,"3":2,"4":2,"5":2,"6":2,"7":2,"8":1,"9":2,"10":2,"11":1,"12":1,"13":1,"14":1,"15":2,"16":2,"17":2,"18":2,"19":1,"20":1,"21":2,"22":2,"23":2,"24":1,"25":1,"26":1,"27":1,"28":1,"29":1,"30":1,"31":1,"32":1,"33":1,"34":1,"35":1,"36":1,"37":1,"38":1,"39":2,"40":2,"41":1,"42":2,"43":2,"44":1,"45":2,"46":2,"47":1,"48":2,"49":2,"50":1,"51":1,"52":1,"53":1,"54":1},"b":{"1":[2,1,1,1],"2":[1,1,1,1],"3":[1,1],"4":[1,1],"5":[1,1],"6":[1,1],"7":[1,1],"8":[1,1],"9":[1,1],"10":[1,1,1],"11":[1,1],"12":[1,1],"13":[1,1],"14":[1,1],"15":[1,1],"16":[1,1],"17":[1,1]},"f":{"1":2,"2":2,"3":2,"4":2,"5":2,"6":1,"7":1,"8":1,"9":2,"10":2,"11":2,"12":2,"13":1},"fnMap":{"1":{"name":"(anonymous_1)","line":12,"loc":{"start":{"line":12,"column":1},"end":{"line":12,"column":13}}},"2":{"name":"(anonymous_2)","line":19,"loc":{"start":{"line":19,"column":5},"end":{"line":19,"column":17}}},"3":{"name":"(anonymous_3)","line":23,"loc":{"start":{"line":23,"column":24},"end":{"line":23,"column":36}}},"4":{"name":"(anonymous_4)","line":61,"loc":{"start":{"line":61,"column":5},"end":{"line":61,"column":17}}},"5":{"name":"(anonymous_5)","line":82,"loc":{"start":{"line":82,"column":5},"end":{"line":82,"column":17}}},"6":{"name":"(anonymous_6)","line":91,"loc":{"start":{"line":91,"column":77},"end":{"line":94,"column":10}}},"7":{"name":"(anonymous_7)","line":112,"loc":{"start":{"line":112,"column":83},"end":{"line":115,"column":10}},"skip":true},"8":{"name":"(anonymous_8)","line":123,"loc":{"start":{"line":123,"column":77},"end":{"line":126,"column":10}},"skip":true},"9":{"name":"(anonymous_9)","line":139,"loc":{"start":{"line":139,"column":12},"end":{"line":139,"column":40}},"skip":true},"10":{"name":"(anonymous_10)","line":147,"loc":{"start":{"line":147,"column":77},"end":{"line":150,"column":10}},"skip":true},"11":{"name":"(anonymous_11)","line":158,"loc":{"start":{"line":158,"column":83},"end":{"line":161,"column":10}},"skip":true},"12":{"name":"(anonymous_12)","line":169,"loc":{"start":{"line":169,"column":79},"end":{"line":172,"column":10}},"skip":true},"13":{"name":"(anonymous_13)","line":180,"loc":{"start":{"line":180,"column":75},"end":{"line":183,"column":10}},"skip":true}},"statementMap":{"1":{"start":{"line":12,"column":0},"end":{"line":195,"column":5}},"2":{"start":{"line":14,"column":4},"end":{"line":14,"column":14}},"3":{"start":{"line":19,"column":4},"end":{"line":56,"column":9}},"4":{"start":{"line":21,"column":8},"end":{"line":21,"column":19}},"5":{"start":{"line":23,"column":8},"end":{"line":35,"column":13}},"6":{"start":{"line":24,"column":12},"end":{"line":34,"column":13}},"7":{"start":{"line":25,"column":16},"end":{"line":28,"column":30}},"8":{"start":{"line":30,"column":16},"end":{"line":33,"column":27}},"9":{"start":{"line":37,"column":8},"end":{"line":39,"column":21}},"10":{"start":{"line":40,"column":8},"end":{"line":53,"column":9}},"11":{"start":{"line":43,"column":12},"end":{"line":46,"column":14}},"12":{"start":{"line":47,"column":12},"end":{"line":47,"column":18}},"13":{"start":{"line":50,"column":12},"end":{"line":51,"column":46}},"14":{"start":{"line":52,"column":12},"end":{"line":52,"column":18}},"15":{"start":{"line":55,"column":8},"end":{"line":55,"column":35}},"16":{"start":{"line":61,"column":4},"end":{"line":63,"column":9}},"17":{"start":{"line":62,"column":8},"end":{"line":62,"column":15}},"18":{"start":{"line":64,"column":4},"end":{"line":77,"column":5}},"19":{"start":{"line":70,"column":8},"end":{"line":70,"column":14}},"20":{"start":{"line":76,"column":8},"end":{"line":76,"column":14}},"21":{"start":{"line":82,"column":4},"end":{"line":84,"column":9}},"22":{"start":{"line":83,"column":8},"end":{"line":83,"column":15}},"23":{"start":{"line":85,"column":4},"end":{"line":194,"column":5}},"24":{"start":{"line":91,"column":8},"end":{"line":99,"column":10}},"25":{"start":{"line":98,"column":12},"end":{"line":98,"column":35}},"26":{"start":{"line":102,"column":8},"end":{"line":104,"column":63}},"27":{"start":{"line":105,"column":8},"end":{"line":105,"column":14}},"28":{"start":{"line":112,"column":8},"end":{"line":121,"column":10},"skip":true},"29":{"start":{"line":119,"column":12},"end":{"line":119,"column":55},"skip":true},"30":{"start":{"line":120,"column":12},"end":{"line":120,"column":48},"skip":true},"31":{"start":{"line":123,"column":8},"end":{"line":136,"column":10},"skip":true},"32":{"start":{"line":130,"column":12},"end":{"line":130,"column":76},"skip":true},"33":{"start":{"line":131,"column":12},"end":{"line":131,"column":73},"skip":true},"34":{"start":{"line":132,"column":12},"end":{"line":132,"column":74},"skip":true},"35":{"start":{"line":133,"column":12},"end":{"line":133,"column":79},"skip":true},"36":{"start":{"line":134,"column":12},"end":{"line":134,"column":25},"skip":true},"37":{"start":{"line":135,"column":12},"end":{"line":135,"column":45},"skip":true},"38":{"start":{"line":138,"column":8},"end":{"line":145,"column":14},"skip":true},"39":{"start":{"line":143,"column":16},"end":{"line":143,"column":29},"skip":true},"40":{"start":{"line":144,"column":16},"end":{"line":144,"column":55},"skip":true},"41":{"start":{"line":147,"column":8},"end":{"line":156,"column":10},"skip":true},"42":{"start":{"line":154,"column":12},"end":{"line":154,"column":25},"skip":true},"43":{"start":{"line":155,"column":12},"end":{"line":155,"column":45},"skip":true},"44":{"start":{"line":158,"column":8},"end":{"line":167,"column":10},"skip":true},"45":{"start":{"line":165,"column":12},"end":{"line":165,"column":25},"skip":true},"46":{"start":{"line":166,"column":12},"end":{"line":166,"column":48},"skip":true},"47":{"start":{"line":169,"column":8},"end":{"line":178,"column":10},"skip":true},"48":{"start":{"line":176,"column":12},"end":{"line":176,"column":25},"skip":true},"49":{"start":{"line":177,"column":12},"end":{"line":177,"column":46},"skip":true},"50":{"start":{"line":180,"column":8},"end":{"line":189,"column":10},"skip":true},"51":{"start":{"line":187,"column":12},"end":{"line":187,"column":94},"skip":true},"52":{"start":{"line":188,"column":12},"end":{"line":188,"column":48},"skip":true},"53":{"start":{"line":192,"column":8},"end":{"line":192,"column":35},"skip":true},"54":{"start":{"line":193,"column":8},"end":{"line":193,"column":14},"skip":true}},"branchMap":{"1":{"line":25,"type":"binary-expr","locations":[{"start":{"line":25,"column":23},"end":{"line":25,"column":62}},{"start":{"line":26,"column":20},"end":{"line":26,"column":70}},{"start":{"line":27,"column":20},"end":{"line":27,"column":71}},{"start":{"line":28,"column":20},"end":{"line":28,"column":29}}]},"2":{"line":30,"type":"binary-expr","locations":[{"start":{"line":30,"column":23},"end":{"line":30,"column":37}},{"start":{"line":31,"column":20},"end":{"line":31,"column":61}},{"start":{"line":32,"column":20},"end":{"line":32,"column":70}},{"start":{"line":33,"column":20},"end":{"line":33,"column":26}}]},"3":{"line":37,"type":"cond-expr","locations":[{"start":{"line":38,"column":14},"end":{"line":38,"column":20}},{"start":{"line":39,"column":14},"end":{"line":39,"column":20}}]},"4":{"line":40,"type":"switch","locations":[{"start":{"line":42,"column":8},"end":{"line":47,"column":18}},{"start":{"line":49,"column":8},"end":{"line":52,"column":18}}]},"5":{"line":44,"type":"binary-expr","locations":[{"start":{"line":44,"column":16},"end":{"line":44,"column":44}},{"start":{"line":44,"column":48},"end":{"line":44,"column":66}}]},"6":{"line":50,"type":"binary-expr","locations":[{"start":{"line":50,"column":21},"end":{"line":50,"column":49}},{"start":{"line":50,"column":53},"end":{"line":50,"column":72}}]},"7":{"line":64,"type":"switch","locations":[{"start":{"line":69,"column":4},"end":{"line":70,"column":14}},{"start":{"line":75,"column":4},"end":{"line":76,"column":14}}]},"8":{"line":85,"type":"switch","locations":[{"start":{"line":90,"column":4},"end":{"line":105,"column":14}},{"start":{"line":111,"column":4},"end":{"line":193,"column":14},"skip":true}]},"9":{"line":91,"type":"binary-expr","locations":[{"start":{"line":91,"column":42},"end":{"line":91,"column":73}},{"start":{"line":91,"column":77},"end":{"line":99,"column":9}}]},"10":{"line":102,"type":"binary-expr","locations":[{"start":{"line":102,"column":18},"end":{"line":102,"column":32}},{"start":{"line":103,"column":12},"end":{"line":103,"column":53}},{"start":{"line":104,"column":12},"end":{"line":104,"column":61}}]},"11":{"line":112,"type":"binary-expr","locations":[{"start":{"line":112,"column":45},"end":{"line":112,"column":79},"skip":true},{"start":{"line":112,"column":83},"end":{"line":121,"column":9},"skip":true}]},"12":{"line":123,"type":"binary-expr","locations":[{"start":{"line":123,"column":42},"end":{"line":123,"column":73},"skip":true},{"start":{"line":123,"column":77},"end":{"line":136,"column":9},"skip":true}]},"13":{"line":138,"type":"binary-expr","locations":[{"start":{"line":138,"column":48},"end":{"line":138,"column":85},"skip":true},{"start":{"line":139,"column":12},"end":{"line":145,"column":13},"skip":true}]},"14":{"line":147,"type":"binary-expr","locations":[{"start":{"line":147,"column":42},"end":{"line":147,"column":73},"skip":true},{"start":{"line":147,"column":77},"end":{"line":156,"column":9},"skip":true}]},"15":{"line":158,"type":"binary-expr","locations":[{"start":{"line":158,"column":45},"end":{"line":158,"column":79},"skip":true},{"start":{"line":158,"column":83},"end":{"line":167,"column":9},"skip":true}]},"16":{"line":169,"type":"binary-expr","locations":[{"start":{"line":169,"column":43},"end":{"line":169,"column":75},"skip":true},{"start":{"line":169,"column":79},"end":{"line":178,"column":9},"skip":true}]},"17":{"line":180,"type":"binary-expr","locations":[{"start":{"line":180,"column":41},"end":{"line":180,"column":71},"skip":true},{"start":{"line":180,"column":75},"end":{"line":189,"column":9},"skip":true}]}},"code":["/* istanbul instrument in package npmtest_svg4everybody */","/*jslint","    bitwise: true,","    browser: true,","    maxerr: 8,","    maxlen: 96,","    node: true,","    nomen: true,","    regexp: true,","    stupid: true","*/","(function () {","    'use strict';","    var local;","","","","    // run shared js-env code - pre-init","    (function () {","        // init local","        local = {};","        // init modeJs","        local.modeJs = (function () {","            try {","                return typeof navigator.userAgent === 'string' &&","                    typeof document.querySelector('body') === 'object' &&","                    typeof XMLHttpRequest.prototype.open === 'function' &&","                    'browser';","            } catch (errorCaughtBrowser) {","                return module.exports &&","                    typeof process.versions.node === 'string' &&","                    typeof require('http').createServer === 'function' &&","                    'node';","            }","        }());","        // init global","        local.global = local.modeJs === 'browser'","            ? window","            : global;","        switch (local.modeJs) {","        // re-init local from window.local","        case 'browser':","            local = local.global.utility2.objectSetDefault(","                local.global.utility2_rollup || local.global.local,","                local.global.utility2","            );","            break;","        // re-init local from example.js","        case 'node':","            local = (local.global.utility2_rollup || require('utility2'))","                .requireExampleJsFromReadme();","            break;","        }","        // export local","        local.global.local = local;","    }());","","","","    // run shared js-env code - function","    (function () {","        return;","    }());","    switch (local.modeJs) {","","","","    // run browser js-env code - function","    case 'browser':","        break;","","","","    // run node js-env code - function","    case 'node':","        break;","    }","","","","    // run shared js-env code - post-init","    (function () {","        return;","    }());","    switch (local.modeJs) {","","","","    // run browser js-env code - post-init","    case 'browser':","        local.testCase_browser_nullCase = local.testCase_browser_nullCase || function (","            options,","            onError","        ) {","        /*","         * this function will test browsers's null-case handling-behavior-behavior","         */","            onError(null, options);","        };","","        // run tests","        local.nop(local.modeTest &&","            document.querySelector('#testRunButton1') &&","            document.querySelector('#testRunButton1').click());","        break;","","","","    // run node js-env code - post-init","    /* istanbul ignore next */","    case 'node':","        local.testCase_buildApidoc_default = local.testCase_buildApidoc_default || function (","            options,","            onError","        ) {","        /*","         * this function will test buildApidoc's default handling-behavior-behavior","         */","            options = { modulePathList: module.paths };","            local.buildApidoc(options, onError);","        };","","        local.testCase_buildApp_default = local.testCase_buildApp_default || function (","            options,","            onError","        ) {","        /*","         * this function will test buildApp's default handling-behavior-behavior","         */","            local.testCase_buildReadme_default(options, local.onErrorThrow);","            local.testCase_buildLib_default(options, local.onErrorThrow);","            local.testCase_buildTest_default(options, local.onErrorThrow);","            local.testCase_buildCustomOrg_default(options, local.onErrorThrow);","            options = [];","            local.buildApp(options, onError);","        };","","        local.testCase_buildCustomOrg_default = local.testCase_buildCustomOrg_default ||","            function (options, onError) {","            /*","             * this function will test buildCustomOrg's default handling-behavior","             */","                options = {};","                local.buildCustomOrg(options, onError);","            };","","        local.testCase_buildLib_default = local.testCase_buildLib_default || function (","            options,","            onError","        ) {","        /*","         * this function will test buildLib's default handling-behavior","         */","            options = {};","            local.buildLib(options, onError);","        };","","        local.testCase_buildReadme_default = local.testCase_buildReadme_default || function (","            options,","            onError","        ) {","        /*","         * this function will test buildReadme's default handling-behavior-behavior","         */","            options = {};","            local.buildReadme(options, onError);","        };","","        local.testCase_buildTest_default = local.testCase_buildTest_default || function (","            options,","            onError","        ) {","        /*","         * this function will test buildTest's default handling-behavior","         */","            options = {};","            local.buildTest(options, onError);","        };","","        local.testCase_webpage_default = local.testCase_webpage_default || function (","            options,","            onError","        ) {","        /*","         * this function will test webpage's default handling-behavior","         */","            options = { modeCoverageMerge: true, url: local.serverLocalHost + '?modeTest=1' };","            local.browserTest(options, onError);","        };","","        // run test-server","        local.testRunServer(local);","        break;","    }","}());",""],"l":{"12":2,"14":2,"19":2,"21":2,"23":2,"24":2,"25":2,"30":1,"37":2,"40":2,"43":1,"47":1,"50":1,"52":1,"55":2,"61":2,"62":2,"64":2,"70":1,"76":1,"82":2,"83":2,"85":2,"91":1,"98":1,"102":1,"105":1,"112":1,"119":1,"120":1,"123":1,"130":1,"131":1,"132":1,"133":1,"134":1,"135":1,"138":1,"143":2,"144":2,"147":1,"154":2,"155":2,"158":1,"165":2,"166":2,"169":1,"176":2,"177":2,"180":1,"187":1,"188":1,"192":1,"193":1}},"/home/travis/build/npmtest/node-npmtest-svg4everybody/lib.npmtest_svg4everybody.js":{"path":"/home/travis/build/npmtest/node-npmtest-svg4everybody/lib.npmtest_svg4everybody.js","s":{"1":2,"2":2,"3":2,"4":2,"5":2,"6":2,"7":2,"8":1,"9":2,"10":2,"11":2,"12":2,"13":1,"14":1,"15":1,"16":1},"b":{"1":[2,1,1,1],"2":[1,1,1,1],"3":[1,1],"4":[2,2],"5":[1,1]},"f":{"1":2,"2":2,"3":2},"fnMap":{"1":{"name":"(anonymous_1)","line":12,"loc":{"start":{"line":12,"column":1},"end":{"line":12,"column":13}}},"2":{"name":"(anonymous_2)","line":19,"loc":{"start":{"line":19,"column":5},"end":{"line":19,"column":17}}},"3":{"name":"(anonymous_3)","line":23,"loc":{"start":{"line":23,"column":24},"end":{"line":23,"column":36}}}},"statementMap":{"1":{"start":{"line":12,"column":0},"end":{"line":53,"column":5}},"2":{"start":{"line":14,"column":4},"end":{"line":14,"column":14}},"3":{"start":{"line":19,"column":4},"end":{"line":52,"column":9}},"4":{"start":{"line":21,"column":8},"end":{"line":21,"column":19}},"5":{"start":{"line":23,"column":8},"end":{"line":35,"column":13}},"6":{"start":{"line":24,"column":12},"end":{"line":34,"column":13}},"7":{"start":{"line":25,"column":16},"end":{"line":28,"column":30}},"8":{"start":{"line":30,"column":16},"end":{"line":33,"column":27}},"9":{"start":{"line":37,"column":8},"end":{"line":39,"column":21}},"10":{"start":{"line":41,"column":8},"end":{"line":41,"column":54}},"11":{"start":{"line":43,"column":8},"end":{"line":43,"column":58}},"12":{"start":{"line":45,"column":8},"end":{"line":51,"column":9}},"13":{"start":{"line":46,"column":12},"end":{"line":46,"column":64}},"14":{"start":{"line":48,"column":12},"end":{"line":48,"column":35}},"15":{"start":{"line":49,"column":12},"end":{"line":49,"column":49}},"16":{"start":{"line":50,"column":12},"end":{"line":50,"column":43}}},"branchMap":{"1":{"line":25,"type":"binary-expr","locations":[{"start":{"line":25,"column":23},"end":{"line":25,"column":62}},{"start":{"line":26,"column":20},"end":{"line":26,"column":70}},{"start":{"line":27,"column":20},"end":{"line":27,"column":71}},{"start":{"line":28,"column":20},"end":{"line":28,"column":29}}]},"2":{"line":30,"type":"binary-expr","locations":[{"start":{"line":30,"column":23},"end":{"line":30,"column":37}},{"start":{"line":31,"column":20},"end":{"line":31,"column":61}},{"start":{"line":32,"column":20},"end":{"line":32,"column":70}},{"start":{"line":33,"column":20},"end":{"line":33,"column":26}}]},"3":{"line":37,"type":"cond-expr","locations":[{"start":{"line":38,"column":14},"end":{"line":38,"column":20}},{"start":{"line":39,"column":14},"end":{"line":39,"column":20}}]},"4":{"line":41,"type":"binary-expr","locations":[{"start":{"line":41,"column":16},"end":{"line":41,"column":44}},{"start":{"line":41,"column":48},"end":{"line":41,"column":53}}]},"5":{"line":45,"type":"if","locations":[{"start":{"line":45,"column":8},"end":{"line":45,"column":8}},{"start":{"line":45,"column":8},"end":{"line":45,"column":8}}]}},"code":["/* istanbul instrument in package npmtest_svg4everybody */","/*jslint","    bitwise: true,","    browser: true,","    maxerr: 8,","    maxlen: 96,","    node: true,","    nomen: true,","    regexp: true,","    stupid: true","*/","(function () {","    'use strict';","    var local;","","","","    // run shared js-env code - pre-init","    (function () {","        // init local","        local = {};","        // init modeJs","        local.modeJs = (function () {","            try {","                return typeof navigator.userAgent === 'string' &&","                    typeof document.querySelector('body') === 'object' &&","                    typeof XMLHttpRequest.prototype.open === 'function' &&","                    'browser';","            } catch (errorCaughtBrowser) {","                return module.exports &&","                    typeof process.versions.node === 'string' &&","                    typeof require('http').createServer === 'function' &&","                    'node';","            }","        }());","        // init global","        local.global = local.modeJs === 'browser'","            ? window","            : global;","        // init utility2_rollup","        local = local.global.utility2_rollup || local;","        // init lib","        local.local = local.npmtest_svg4everybody = local;","        // init exports","        if (local.modeJs === 'browser') {","            local.global.utility2_npmtest_svg4everybody = local;","        } else {","            module.exports = local;","            module.exports.__dirname = __dirname;","            module.exports.module = module;","        }","    }());","}());",""],"l":{"12":2,"14":2,"19":2,"21":2,"23":2,"24":2,"25":2,"30":1,"37":2,"41":2,"43":2,"45":2,"46":1,"48":1,"49":1,"50":1}},"/home/travis/build/npmtest/node-npmtest-svg4everybody/example.js":{"path":"/home/travis/build/npmtest/node-npmtest-svg4everybody/example.js","s":{"1":2,"2":2,"3":2,"4":2,"5":2,"6":2,"7":2,"8":1,"9":2,"10":2,"11":2,"12":2,"13":1,"14":2,"15":2,"16":2,"17":2,"18":2,"19":0,"20":2,"21":1,"22":1,"23":1,"24":1,"25":1,"26":0,"27":0,"28":1,"29":1,"30":2,"31":0,"32":0,"33":0,"34":1,"35":2,"36":2,"37":3,"38":3,"39":3,"40":3,"41":0,"42":3,"43":3,"44":3,"45":1,"46":3,"47":1,"48":1,"49":1,"50":1,"51":1,"52":1,"53":1,"54":1,"55":1,"56":1,"57":0,"58":1,"59":6,"60":6,"61":1,"62":2,"63":0,"64":2,"65":1,"66":1,"67":0,"68":0,"69":0,"70":0,"71":0,"72":0,"73":0,"74":0,"75":0,"76":0,"77":0,"78":0,"79":0,"80":0,"81":0,"82":0,"83":0},"b":{"1":[2,1,1,1],"2":[1,1,1,1],"3":[1,1],"4":[2,2],"5":[1,1],"6":[1,1],"7":[2,0],"8":[2,1,1,1,1,1],"9":[0,2,0],"10":[1,1],"11":[2,1,1],"12":[1,0],"13":[0,2],"14":[2,0,0,0,0,0,0],"15":[0,3],"16":[3,0],"17":[1,1],"18":[0,1],"19":[1,2,0,2],"20":[1,0],"21":[1,1],"22":[0,0],"23":[0,0],"24":[0,0],"25":[0,0],"26":[0,0],"27":[0,0],"28":[0,0]},"f":{"1":2,"2":2,"3":2,"4":2,"5":2,"6":2,"7":3,"8":3,"9":3,"10":1,"11":6,"12":0},"fnMap":{"1":{"name":"(anonymous_1)","line":26,"loc":{"start":{"line":26,"column":1},"end":{"line":26,"column":13}}},"2":{"name":"(anonymous_2)","line":33,"loc":{"start":{"line":33,"column":5},"end":{"line":33,"column":17}}},"3":{"name":"(anonymous_3)","line":37,"loc":{"start":{"line":37,"column":24},"end":{"line":37,"column":36}}},"4":{"name":"(anonymous_4)","line":69,"loc":{"start":{"line":69,"column":31},"end":{"line":69,"column":48}},"skip":true},"5":{"name":"(anonymous_5)","line":78,"loc":{"start":{"line":78,"column":26},"end":{"line":78,"column":45}},"skip":true},"6":{"name":"(anonymous_6)","line":123,"loc":{"start":{"line":123,"column":33},"end":{"line":123,"column":48}},"skip":true},"7":{"name":"(anonymous_7)","line":125,"loc":{"start":{"line":125,"column":27},"end":{"line":125,"column":39}},"skip":true},"8":{"name":"(anonymous_8)","line":133,"loc":{"start":{"line":133,"column":59},"end":{"line":133,"column":74}},"skip":true},"9":{"name":"(anonymous_9)","line":143,"loc":{"start":{"line":143,"column":45},"end":{"line":143,"column":62}},"skip":true},"10":{"name":"(anonymous_10)","line":144,"loc":{"start":{"line":144,"column":73},"end":{"line":144,"column":92}},"skip":true},"11":{"name":"(anonymous_11)","line":272,"loc":{"start":{"line":272,"column":51},"end":{"line":272,"column":77}},"skip":true},"12":{"name":"(anonymous_12)","line":315,"loc":{"start":{"line":315,"column":32},"end":{"line":315,"column":61}},"skip":true}},"statementMap":{"1":{"start":{"line":26,"column":0},"end":{"line":326,"column":5}},"2":{"start":{"line":28,"column":4},"end":{"line":28,"column":14}},"3":{"start":{"line":33,"column":4},"end":{"line":60,"column":9}},"4":{"start":{"line":35,"column":8},"end":{"line":35,"column":19}},"5":{"start":{"line":37,"column":8},"end":{"line":49,"column":13}},"6":{"start":{"line":38,"column":12},"end":{"line":48,"column":13}},"7":{"start":{"line":39,"column":16},"end":{"line":42,"column":30}},"8":{"start":{"line":44,"column":16},"end":{"line":47,"column":27}},"9":{"start":{"line":51,"column":8},"end":{"line":53,"column":21}},"10":{"start":{"line":55,"column":8},"end":{"line":57,"column":45}},"11":{"start":{"line":59,"column":8},"end":{"line":59,"column":35}},"12":{"start":{"line":61,"column":4},"end":{"line":325,"column":5}},"13":{"start":{"line":69,"column":8},"end":{"line":121,"column":10},"skip":true},"14":{"start":{"line":70,"column":12},"end":{"line":88,"column":13},"skip":true},"15":{"start":{"line":76,"column":16},"end":{"line":87,"column":19},"skip":true},"16":{"start":{"line":79,"column":20},"end":{"line":86,"column":21},"skip":true},"17":{"start":{"line":82,"column":24},"end":{"line":82,"column":43},"skip":true},"18":{"start":{"line":83,"column":24},"end":{"line":83,"column":30},"skip":true},"19":{"start":{"line":85,"column":24},"end":{"line":85,"column":49},"skip":true},"20":{"start":{"line":89,"column":12},"end":{"line":107,"column":13},"skip":true},"21":{"start":{"line":92,"column":16},"end":{"line":102,"column":17},"skip":true},"22":{"start":{"line":93,"column":20},"end":{"line":93,"column":86},"skip":true},"23":{"start":{"line":94,"column":20},"end":{"line":95,"column":45},"skip":true},"24":{"start":{"line":96,"column":20},"end":{"line":96,"column":42},"skip":true},"25":{"start":{"line":97,"column":20},"end":{"line":97,"column":48},"skip":true},"26":{"start":{"line":100,"column":20},"end":{"line":100,"column":85},"skip":true},"27":{"start":{"line":101,"column":20},"end":{"line":101,"column":96},"skip":true},"28":{"start":{"line":103,"column":16},"end":{"line":103,"column":22},"skip":true},"29":{"start":{"line":106,"column":16},"end":{"line":106,"column":22},"skip":true},"30":{"start":{"line":108,"column":12},"end":{"line":120,"column":13},"skip":true},"31":{"start":{"line":114,"column":16},"end":{"line":119,"column":17},"skip":true},"32":{"start":{"line":116,"column":20},"end":{"line":116,"column":78},"skip":true},"33":{"start":{"line":118,"column":20},"end":{"line":118,"column":47},"skip":true},"34":{"start":{"line":123,"column":8},"end":{"line":141,"column":11},"skip":true},"35":{"start":{"line":124,"column":12},"end":{"line":124,"column":54},"skip":true},"36":{"start":{"line":125,"column":12},"end":{"line":140,"column":14},"skip":true},"37":{"start":{"line":126,"column":16},"end":{"line":126,"column":28},"skip":true},"38":{"start":{"line":127,"column":16},"end":{"line":127,"column":69},"skip":true},"39":{"start":{"line":128,"column":16},"end":{"line":128,"column":75},"skip":true},"40":{"start":{"line":129,"column":16},"end":{"line":131,"column":17},"skip":true},"41":{"start":{"line":130,"column":20},"end":{"line":130,"column":27},"skip":true},"42":{"start":{"line":133,"column":16},"end":{"line":137,"column":36},"skip":true},"43":{"start":{"line":134,"column":20},"end":{"line":136,"column":55},"skip":true},"44":{"start":{"line":139,"column":16},"end":{"line":139,"column":57},"skip":true},"45":{"start":{"line":143,"column":8},"end":{"line":147,"column":11},"skip":true},"46":{"start":{"line":144,"column":12},"end":{"line":146,"column":15},"skip":true},"47":{"start":{"line":145,"column":16},"end":{"line":145,"column":70},"skip":true},"48":{"start":{"line":149,"column":8},"end":{"line":149,"column":31},"skip":true},"49":{"start":{"line":150,"column":8},"end":{"line":150,"column":14},"skip":true},"50":{"start":{"line":158,"column":8},"end":{"line":158,"column":31},"skip":true},"51":{"start":{"line":160,"column":8},"end":{"line":160,"column":33},"skip":true},"52":{"start":{"line":161,"column":8},"end":{"line":161,"column":37},"skip":true},"53":{"start":{"line":162,"column":8},"end":{"line":162,"column":35},"skip":true},"54":{"start":{"line":164,"column":8},"end":{"line":164,"column":50},"skip":true},"55":{"start":{"line":166,"column":8},"end":{"line":256,"column":2},"skip":true},"56":{"start":{"line":258,"column":8},"end":{"line":286,"column":9},"skip":true},"57":{"start":{"line":259,"column":12},"end":{"line":269,"column":14},"skip":true},"58":{"start":{"line":271,"column":12},"end":{"line":285,"column":19},"skip":true},"59":{"start":{"line":274,"column":20},"end":{"line":274,"column":35},"skip":true},"60":{"start":{"line":275,"column":20},"end":{"line":284,"column":21},"skip":true},"61":{"start":{"line":277,"column":24},"end":{"line":277,"column":64},"skip":true},"62":{"start":{"line":279,"column":24},"end":{"line":279,"column":40},"skip":true},"63":{"start":{"line":281,"column":24},"end":{"line":281,"column":40},"skip":true},"64":{"start":{"line":283,"column":24},"end":{"line":283,"column":39},"skip":true},"65":{"start":{"line":288,"column":8},"end":{"line":290,"column":9},"skip":true},"66":{"start":{"line":289,"column":12},"end":{"line":289,"column":18},"skip":true},"67":{"start":{"line":291,"column":8},"end":{"line":293,"column":54},"skip":true},"68":{"start":{"line":296,"column":8},"end":{"line":301,"column":37},"skip":true},"69":{"start":{"line":303,"column":8},"end":{"line":303,"column":82},"skip":true},"70":{"start":{"line":306,"column":8},"end":{"line":308,"column":9},"skip":true},"71":{"start":{"line":307,"column":12},"end":{"line":307,"column":82},"skip":true},"72":{"start":{"line":310,"column":8},"end":{"line":312,"column":9},"skip":true},"73":{"start":{"line":311,"column":12},"end":{"line":311,"column":18},"skip":true},"74":{"start":{"line":313,"column":8},"end":{"line":313,"column":54},"skip":true},"75":{"start":{"line":314,"column":8},"end":{"line":314,"column":69},"skip":true},"76":{"start":{"line":315,"column":8},"end":{"line":323,"column":36},"skip":true},"77":{"start":{"line":316,"column":12},"end":{"line":316,"column":61},"skip":true},"78":{"start":{"line":317,"column":12},"end":{"line":320,"column":13},"skip":true},"79":{"start":{"line":318,"column":16},"end":{"line":318,"column":75},"skip":true},"80":{"start":{"line":319,"column":16},"end":{"line":319,"column":23},"skip":true},"81":{"start":{"line":321,"column":12},"end":{"line":321,"column":38},"skip":true},"82":{"start":{"line":322,"column":12},"end":{"line":322,"column":27},"skip":true},"83":{"start":{"line":324,"column":8},"end":{"line":324,"column":14},"skip":true}},"branchMap":{"1":{"line":39,"type":"binary-expr","locations":[{"start":{"line":39,"column":23},"end":{"line":39,"column":62}},{"start":{"line":40,"column":20},"end":{"line":40,"column":70}},{"start":{"line":41,"column":20},"end":{"line":41,"column":71}},{"start":{"line":42,"column":20},"end":{"line":42,"column":29}}]},"2":{"line":44,"type":"binary-expr","locations":[{"start":{"line":44,"column":23},"end":{"line":44,"column":37}},{"start":{"line":45,"column":20},"end":{"line":45,"column":61}},{"start":{"line":46,"column":20},"end":{"line":46,"column":70}},{"start":{"line":47,"column":20},"end":{"line":47,"column":26}}]},"3":{"line":51,"type":"cond-expr","locations":[{"start":{"line":52,"column":14},"end":{"line":52,"column":20}},{"start":{"line":53,"column":14},"end":{"line":53,"column":20}}]},"4":{"line":55,"type":"binary-expr","locations":[{"start":{"line":55,"column":16},"end":{"line":55,"column":44}},{"start":{"line":55,"column":49},"end":{"line":57,"column":43}}]},"5":{"line":55,"type":"cond-expr","locations":[{"start":{"line":56,"column":14},"end":{"line":56,"column":57}},{"start":{"line":57,"column":14},"end":{"line":57,"column":43}}]},"6":{"line":61,"type":"switch","locations":[{"start":{"line":68,"column":4},"end":{"line":150,"column":14},"skip":true},{"start":{"line":156,"column":4},"end":{"line":324,"column":14},"skip":true}]},"7":{"line":70,"type":"if","locations":[{"start":{"line":70,"column":12},"end":{"line":70,"column":12},"skip":true},{"start":{"line":70,"column":12},"end":{"line":70,"column":12},"skip":true}]},"8":{"line":70,"type":"binary-expr","locations":[{"start":{"line":70,"column":16},"end":{"line":70,"column":22},"skip":true},{"start":{"line":70,"column":27},"end":{"line":70,"column":32},"skip":true},{"start":{"line":71,"column":20},"end":{"line":71,"column":39},"skip":true},{"start":{"line":72,"column":20},"end":{"line":72,"column":49},"skip":true},{"start":{"line":73,"column":20},"end":{"line":73,"column":58},"skip":true},{"start":{"line":74,"column":20},"end":{"line":74,"column":69},"skip":true}]},"9":{"line":79,"type":"switch","locations":[{"start":{"line":80,"column":20},"end":{"line":80,"column":33},"skip":true},{"start":{"line":81,"column":20},"end":{"line":83,"column":30},"skip":true},{"start":{"line":84,"column":20},"end":{"line":85,"column":49},"skip":true}]},"10":{"line":89,"type":"switch","locations":[{"start":{"line":90,"column":12},"end":{"line":103,"column":22},"skip":true},{"start":{"line":105,"column":12},"end":{"line":106,"column":22},"skip":true}]},"11":{"line":89,"type":"binary-expr","locations":[{"start":{"line":89,"column":20},"end":{"line":89,"column":25},"skip":true},{"start":{"line":89,"column":29},"end":{"line":89,"column":48},"skip":true},{"start":{"line":89,"column":52},"end":{"line":89,"column":74},"skip":true}]},"12":{"line":92,"type":"if","locations":[{"start":{"line":92,"column":16},"end":{"line":92,"column":16},"skip":true},{"start":{"line":92,"column":16},"end":{"line":92,"column":16},"skip":true}]},"13":{"line":108,"type":"if","locations":[{"start":{"line":108,"column":12},"end":{"line":108,"column":12},"skip":true},{"start":{"line":108,"column":12},"end":{"line":108,"column":12},"skip":true}]},"14":{"line":108,"type":"binary-expr","locations":[{"start":{"line":108,"column":16},"end":{"line":108,"column":61},"skip":true},{"start":{"line":108,"column":66},"end":{"line":108,"column":72},"skip":true},{"start":{"line":108,"column":77},"end":{"line":108,"column":82},"skip":true},{"start":{"line":109,"column":20},"end":{"line":109,"column":39},"skip":true},{"start":{"line":110,"column":20},"end":{"line":110,"column":49},"skip":true},{"start":{"line":111,"column":20},"end":{"line":111,"column":58},"skip":true},{"start":{"line":112,"column":20},"end":{"line":112,"column":68},"skip":true}]},"15":{"line":129,"type":"if","locations":[{"start":{"line":129,"column":16},"end":{"line":129,"column":16},"skip":true},{"start":{"line":129,"column":16},"end":{"line":129,"column":16},"skip":true}]},"16":{"line":134,"type":"cond-expr","locations":[{"start":{"line":135,"column":26},"end":{"line":135,"column":29},"skip":true},{"start":{"line":136,"column":26},"end":{"line":136,"column":54},"skip":true}]},"17":{"line":164,"type":"binary-expr","locations":[{"start":{"line":164,"column":27},"end":{"line":164,"column":43},"skip":true},{"start":{"line":164,"column":47},"end":{"line":164,"column":49},"skip":true}]},"18":{"line":258,"type":"if","locations":[{"start":{"line":258,"column":8},"end":{"line":258,"column":8},"skip":true},{"start":{"line":258,"column":8},"end":{"line":258,"column":8},"skip":true}]},"19":{"line":275,"type":"switch","locations":[{"start":{"line":276,"column":20},"end":{"line":277,"column":64},"skip":true},{"start":{"line":278,"column":20},"end":{"line":279,"column":40},"skip":true},{"start":{"line":280,"column":20},"end":{"line":281,"column":40},"skip":true},{"start":{"line":282,"column":20},"end":{"line":283,"column":39},"skip":true}]},"20":{"line":288,"type":"if","locations":[{"start":{"line":288,"column":8},"end":{"line":288,"column":8},"skip":true},{"start":{"line":288,"column":8},"end":{"line":288,"column":8},"skip":true}]},"21":{"line":288,"type":"binary-expr","locations":[{"start":{"line":288,"column":12},"end":{"line":288,"column":40},"skip":true},{"start":{"line":288,"column":44},"end":{"line":288,"column":67},"skip":true}]},"22":{"line":292,"type":"binary-expr","locations":[{"start":{"line":292,"column":12},"end":{"line":292,"column":50},"skip":true},{"start":{"line":293,"column":12},"end":{"line":293,"column":53},"skip":true}]},"23":{"line":297,"type":"binary-expr","locations":[{"start":{"line":297,"column":12},"end":{"line":297,"column":71},"skip":true},{"start":{"line":298,"column":12},"end":{"line":301,"column":36},"skip":true}]},"24":{"line":303,"type":"binary-expr","locations":[{"start":{"line":303,"column":43},"end":{"line":303,"column":75},"skip":true},{"start":{"line":303,"column":79},"end":{"line":303,"column":81},"skip":true}]},"25":{"line":306,"type":"if","locations":[{"start":{"line":306,"column":8},"end":{"line":306,"column":8},"skip":true},{"start":{"line":306,"column":8},"end":{"line":306,"column":8},"skip":true}]},"26":{"line":310,"type":"if","locations":[{"start":{"line":310,"column":8},"end":{"line":310,"column":8},"skip":true},{"start":{"line":310,"column":8},"end":{"line":310,"column":8},"skip":true}]},"27":{"line":313,"type":"binary-expr","locations":[{"start":{"line":313,"column":27},"end":{"line":313,"column":43},"skip":true},{"start":{"line":313,"column":47},"end":{"line":313,"column":53},"skip":true}]},"28":{"line":317,"type":"if","locations":[{"start":{"line":317,"column":12},"end":{"line":317,"column":12},"skip":true},{"start":{"line":317,"column":12},"end":{"line":317,"column":12},"skip":true}]}},"code":["/*","example.js","","quickstart example","","instruction","    1. save this script as example.js","    2. run the shell command:","        $ npm install npmtest-svg4everybody && PORT=8081 node example.js","    3. play with the browser-demo on http://127.0.0.1:8081","*/","","","","/* istanbul instrument in package npmtest_svg4everybody */","/*jslint","    bitwise: true,","    browser: true,","    maxerr: 8,","    maxlen: 96,","    node: true,","    nomen: true,","    regexp: true,","    stupid: true","*/","(function () {","    'use strict';","    var local;","","","","    // run shared js-env code - pre-init","    (function () {","        // init local","        local = {};","        // init modeJs","        local.modeJs = (function () {","            try {","                return typeof navigator.userAgent === 'string' &&","                    typeof document.querySelector('body') === 'object' &&","                    typeof XMLHttpRequest.prototype.open === 'function' &&","                    'browser';","            } catch (errorCaughtBrowser) {","                return module.exports &&","                    typeof process.versions.node === 'string' &&","                    typeof require('http').createServer === 'function' &&","                    'node';","            }","        }());","        // init global","        local.global = local.modeJs === 'browser'","            ? window","            : global;","        // init utility2_rollup","        local = local.global.utility2_rollup || (local.modeJs === 'browser'","            ? local.global.utility2_npmtest_svg4everybody","            : global.utility2_moduleExports);","        // export local","        local.global.local = local;","    }());","    switch (local.modeJs) {","","","","    // post-init","    // run browser js-env code - post-init","    /* istanbul ignore next */","    case 'browser':","        local.testRunBrowser = function (event) {","            if (!event || (event &&","                    event.currentTarget &&","                    event.currentTarget.className &&","                    event.currentTarget.className.includes &&","                    event.currentTarget.className.includes('onreset'))) {","                // reset output","                Array.from(","                    document.querySelectorAll('body > .resettable')","                ).forEach(function (element) {","                    switch (element.tagName) {","                    case 'INPUT':","                    case 'TEXTAREA':","                        element.value = '';","                        break;","                    default:","                        element.textContent = '';","                    }","                });","            }","            switch (event && event.currentTarget && event.currentTarget.id) {","            case 'testRunButton1':","                // show tests","                if (document.querySelector('#testReportDiv1').style.display === 'none') {","                    document.querySelector('#testReportDiv1').style.display = 'block';","                    document.querySelector('#testRunButton1').textContent =","                        'hide internal test';","                    local.modeTest = true;","                    local.testRunDefault(local);","                // hide tests","                } else {","                    document.querySelector('#testReportDiv1').style.display = 'none';","                    document.querySelector('#testRunButton1').textContent = 'run internal test';","                }","                break;","            // custom-case","            default:","                break;","            }","            if (document.querySelector('#inputTextareaEval1') && (!event || (event &&","                    event.currentTarget &&","                    event.currentTarget.className &&","                    event.currentTarget.className.includes &&","                    event.currentTarget.className.includes('oneval')))) {","                // try to eval input-code","                try {","                    /*jslint evil: true*/","                    eval(document.querySelector('#inputTextareaEval1').value);","                } catch (errorCaught) {","                    console.error(errorCaught);","                }","            }","        };","        // log stderr and stdout to #outputTextareaStdout1","        ['error', 'log'].forEach(function (key) {","            console[key + '_original'] = console[key];","            console[key] = function () {","                var element;","                console[key + '_original'].apply(console, arguments);","                element = document.querySelector('#outputTextareaStdout1');","                if (!element) {","                    return;","                }","                // append text to #outputTextareaStdout1","                element.value += Array.from(arguments).map(function (arg) {","                    return typeof arg === 'string'","                        ? arg","                        : JSON.stringify(arg, null, 4);","                }).join(' ') + '\\n';","                // scroll textarea to bottom","                element.scrollTop = element.scrollHeight;","            };","        });","        // init event-handling","        ['change', 'click', 'keyup'].forEach(function (event) {","            Array.from(document.querySelectorAll('.on' + event)).forEach(function (element) {","                element.addEventListener(event, local.testRunBrowser);","            });","        });","        // run tests","        local.testRunBrowser();","        break;","","","","    // run node js-env code - post-init","    /* istanbul ignore next */","    case 'node':","        // export local","        module.exports = local;","        // require modules","        local.fs = require('fs');","        local.http = require('http');","        local.url = require('url');","        // init assets","        local.assetsDict = local.assetsDict || {};","        /* jslint-ignore-begin */","        local.assetsDict['/assets.index.template.html'] = '\\","<!doctype html>\\n\\","<html lang=\"en\">\\n\\","<head>\\n\\","<meta charset=\"UTF-8\">\\n\\","<meta name=\"viewport\" content=\"width=device-width, initial-scale=1\">\\n\\","<title>{{env.npm_package_name}} (v{{env.npm_package_version}})</title>\\n\\","<style>\\n\\","/*csslint\\n\\","    box-sizing: false,\\n\\","    universal-selector: false\\n\\","*/\\n\\","* {\\n\\","    box-sizing: border-box;\\n\\","}\\n\\","body {\\n\\","    background: #dde;\\n\\","    font-family: Arial, Helvetica, sans-serif;\\n\\","    margin: 2rem;\\n\\","}\\n\\","body > * {\\n\\","    margin-bottom: 1rem;\\n\\","}\\n\\",".utility2FooterDiv {\\n\\","    margin-top: 20px;\\n\\","    text-align: center;\\n\\","}\\n\\","</style>\\n\\","<style>\\n\\","/*csslint\\n\\","*/\\n\\","textarea {\\n\\","    font-family: monospace;\\n\\","    height: 10rem;\\n\\","    width: 100%;\\n\\","}\\n\\","textarea[readonly] {\\n\\","    background: #ddd;\\n\\","}\\n\\","</style>\\n\\","</head>\\n\\","<body>\\n\\","<!-- utility2-comment\\n\\","<div id=\"ajaxProgressDiv1\" style=\"background: #d00; height: 2px; left: 0; margin: 0; padding: 0; position: fixed; top: 0; transition: background 0.5s, width 1.5s; width: 25%;\"></div>\\n\\","utility2-comment -->\\n\\","<h1>\\n\\","<!-- utility2-comment\\n\\","    <a\\n\\","        {{#if env.npm_package_homepage}}\\n\\","        href=\"{{env.npm_package_homepage}}\"\\n\\","        {{/if env.npm_package_homepage}}\\n\\","        target=\"_blank\"\\n\\","    >\\n\\","utility2-comment -->\\n\\","        {{env.npm_package_name}} (v{{env.npm_package_version}})\\n\\","<!-- utility2-comment\\n\\","    </a>\\n\\","utility2-comment -->\\n\\","</h1>\\n\\","<h3>{{env.npm_package_description}}</h3>\\n\\","<!-- utility2-comment\\n\\","<h4><a download href=\"assets.app.js\">download standalone app</a></h4>\\n\\","<button class=\"onclick onreset\" id=\"testRunButton1\">run internal test</button><br>\\n\\","<div id=\"testReportDiv1\" style=\"display: none;\"></div>\\n\\","utility2-comment -->\\n\\","\\n\\","\\n\\","\\n\\","<label>stderr and stdout</label>\\n\\","<textarea class=\"resettable\" id=\"outputTextareaStdout1\" readonly></textarea>\\n\\","<!-- utility2-comment\\n\\","{{#if isRollup}}\\n\\","<script src=\"assets.app.js\"></script>\\n\\","{{#unless isRollup}}\\n\\","utility2-comment -->\\n\\","<script src=\"assets.utility2.rollup.js\"></script>\\n\\","<script src=\"jsonp.utility2._stateInit?callback=window.utility2._stateInit\"></script>\\n\\","<script src=\"assets.npmtest_svg4everybody.rollup.js\"></script>\\n\\","<script src=\"assets.example.js\"></script>\\n\\","<script src=\"assets.test.js\"></script>\\n\\","<!-- utility2-comment\\n\\","{{/if isRollup}}\\n\\","utility2-comment -->\\n\\","<div class=\"utility2FooterDiv\">\\n\\","    [ this app was created with\\n\\","    <a href=\"https://github.com/kaizhu256/node-utility2\" target=\"_blank\">utility2</a>\\n\\","    ]\\n\\","</div>\\n\\","</body>\\n\\","</html>\\n\\","';","        /* jslint-ignore-end */","        if (local.templateRender) {","            local.assetsDict['/'] = local.templateRender(","                local.assetsDict['/assets.index.template.html'],","                {","                    env: local.objectSetDefault(local.env, {","                        npm_package_description: 'the greatest app in the world!',","                        npm_package_name: 'my-app',","                        npm_package_nameAlias: 'my_app',","                        npm_package_version: '0.0.1'","                    })","                }","            );","        } else {","            local.assetsDict['/'] = local.assetsDict['/assets.index.template.html']","                .replace((/\\{\\{env\\.(\\w+?)\\}\\}/g), function (match0, match1) {","                    // jslint-hack","                    String(match0);","                    switch (match1) {","                    case 'npm_package_description':","                        return 'the greatest app in the world!';","                    case 'npm_package_name':","                        return 'my-app';","                    case 'npm_package_nameAlias':","                        return 'my_app';","                    case 'npm_package_version':","                        return '0.0.1';","                    }","                });","        }","        // run the cli","        if (local.global.utility2_rollup || module !== require.main) {","            break;","        }","        local.assetsDict['/assets.example.js'] =","            local.assetsDict['/assets.example.js'] ||","            local.fs.readFileSync(__filename, 'utf8');","        // bug-workaround - long $npm_package_buildCustomOrg","        /* jslint-ignore-begin */","        local.assetsDict['/assets.npmtest_svg4everybody.rollup.js'] =","            local.assetsDict['/assets.npmtest_svg4everybody.rollup.js'] ||","            local.fs.readFileSync(","                local.npmtest_svg4everybody.__dirname + '/lib.npmtest_svg4everybody.js',","                'utf8'","            ).replace((/^#!/), '//');","        /* jslint-ignore-end */","        local.assetsDict['/favicon.ico'] = local.assetsDict['/favicon.ico'] || '';","        // if $npm_config_timeout_exit exists,","        // then exit this process after $npm_config_timeout_exit ms","        if (Number(process.env.npm_config_timeout_exit)) {","            setTimeout(process.exit, Number(process.env.npm_config_timeout_exit));","        }","        // start server","        if (local.global.utility2_serverHttp1) {","            break;","        }","        process.env.PORT = process.env.PORT || '8081';","        console.error('server starting on port ' + process.env.PORT);","        local.http.createServer(function (request, response) {","            request.urlParsed = local.url.parse(request.url);","            if (local.assetsDict[request.urlParsed.pathname] !== undefined) {","                response.end(local.assetsDict[request.urlParsed.pathname]);","                return;","            }","            response.statusCode = 404;","            response.end();","        }).listen(process.env.PORT);","        break;","    }","}());",""],"l":{"26":2,"28":2,"33":2,"35":2,"37":2,"38":2,"39":2,"44":1,"51":2,"55":2,"59":2,"61":2,"69":1,"70":2,"76":2,"79":2,"82":2,"83":2,"85":1,"89":2,"92":1,"93":1,"94":1,"96":1,"97":1,"100":1,"101":1,"103":1,"106":1,"108":2,"114":1,"116":1,"118":1,"123":1,"124":2,"125":2,"126":3,"127":3,"128":3,"129":3,"130":1,"133":3,"134":3,"139":3,"143":1,"144":3,"145":1,"149":1,"150":1,"158":1,"160":1,"161":1,"162":1,"164":1,"166":1,"258":1,"259":1,"271":1,"274":6,"275":6,"277":1,"279":2,"281":1,"283":2,"288":1,"289":1,"291":1,"296":1,"303":1,"306":1,"307":1,"310":1,"311":1,"313":1,"314":1,"315":1,"316":1,"317":1,"318":1,"319":1,"321":1,"322":1,"324":1}},"/home/travis/build/npmtest/node-npmtest-svg4everybody/node_modules/svg4everybody/dist/svg4everybody.js":{"path":"/home/travis/build/npmtest/node-npmtest-svg4everybody/node_modules/svg4everybody/dist/svg4everybody.js","s":{"1":1,"2":1,"3":0,"4":1,"5":0,"6":0,"7":0,"8":0,"9":0,"10":0,"11":1,"12":0,"13":0,"14":0,"15":0,"16":0,"17":0,"18":1,"19":1,"20":0,"21":0,"22":0,"23":0,"24":0,"25":0,"26":0,"27":0,"28":0,"29":0,"30":0,"31":0,"32":0,"33":0,"34":0,"35":0,"36":0,"37":0,"38":0,"39":1,"40":0,"41":0,"42":1},"b":{"1":[0,1],"2":[1,0],"3":[1,0],"4":[1,1],"5":[0,0],"6":[0,0],"7":[0,0],"8":[0,0],"9":[0,0],"10":[0,0],"11":[0,0],"12":[0,0],"13":[0,0],"14":[0,0],"15":[0,0],"16":[0,0],"17":[0,0],"18":[0,0,0],"19":[0,0],"20":[0,0,0,0,0],"21":[0,0],"22":[0,0],"23":[0,0],"24":[0,0],"25":[0,0]},"f":{"1":1,"2":0,"3":1,"4":0,"5":0,"6":0,"7":0,"8":0,"9":0,"10":0},"fnMap":{"1":{"name":"(anonymous_1)","line":1,"loc":{"start":{"line":1,"column":1},"end":{"line":1,"column":25}}},"2":{"name":"(anonymous_2)","line":3,"loc":{"start":{"line":3,"column":15},"end":{"line":3,"column":26}}},"3":{"name":"(anonymous_3)","line":9,"loc":{"start":{"line":9,"column":8},"end":{"line":9,"column":19}}},"4":{"name":"embed","line":11,"loc":{"start":{"line":11,"column":4},"end":{"line":11,"column":40}}},"5":{"name":"loadreadystatechange","line":27,"loc":{"start":{"line":27,"column":4},"end":{"line":27,"column":39}}},"6":{"name":"(anonymous_6)","line":29,"loc":{"start":{"line":29,"column":33},"end":{"line":29,"column":44}}},"7":{"name":"(anonymous_7)","line":37,"loc":{"start":{"line":37,"column":42},"end":{"line":37,"column":57}}},"8":{"name":"svg4everybody","line":49,"loc":{"start":{"line":49,"column":4},"end":{"line":49,"column":36}}},"9":{"name":"oninterval","line":50,"loc":{"start":{"line":50,"column":8},"end":{"line":50,"column":30}}},"10":{"name":"getSVGAncestor","line":101,"loc":{"start":{"line":101,"column":4},"end":{"line":101,"column":34}}}},"statementMap":{"1":{"start":{"line":1,"column":0},"end":{"line":106,"column":3}},"2":{"start":{"line":2,"column":4},"end":{"line":8,"column":64}},"3":{"start":{"line":4,"column":8},"end":{"line":4,"column":46}},"4":{"start":{"line":11,"column":4},"end":{"line":26,"column":5}},"5":{"start":{"line":13,"column":8},"end":{"line":25,"column":9}},"6":{"start":{"line":15,"column":12},"end":{"line":15,"column":135}},"7":{"start":{"line":17,"column":12},"end":{"line":17,"column":60}},"8":{"start":{"line":19,"column":12},"end":{"line":22,"column":13}},"9":{"start":{"line":21,"column":16},"end":{"line":21,"column":55}},"10":{"start":{"line":24,"column":12},"end":{"line":24,"column":41}},"11":{"start":{"line":27,"column":4},"end":{"line":48,"column":5}},"12":{"start":{"line":29,"column":8},"end":{"line":47,"column":33}},"13":{"start":{"line":31,"column":12},"end":{"line":45,"column":13}},"14":{"start":{"line":33,"column":16},"end":{"line":33,"column":57}},"15":{"start":{"line":35,"column":16},"end":{"line":44,"column":19}},"16":{"start":{"line":39,"column":20},"end":{"line":39,"column":60}},"17":{"start":{"line":41,"column":20},"end":{"line":43,"column":57}},"18":{"start":{"line":49,"column":4},"end":{"line":100,"column":5}},"19":{"start":{"line":50,"column":8},"end":{"line":93,"column":9}},"20":{"start":{"line":52,"column":12},"end":{"line":90,"column":13}},"21":{"start":{"line":55,"column":16},"end":{"line":55,"column":93}},"22":{"start":{"line":56,"column":16},"end":{"line":89,"column":17}},"23":{"start":{"line":57,"column":20},"end":{"line":57,"column":89}},"24":{"start":{"line":58,"column":20},"end":{"line":85,"column":21}},"25":{"start":{"line":59,"column":24},"end":{"line":84,"column":25}},"26":{"start":{"line":61,"column":28},"end":{"line":61,"column":52}},"27":{"start":{"line":63,"column":28},"end":{"line":63,"column":107}},"28":{"start":{"line":65,"column":28},"end":{"line":80,"column":29}},"29":{"start":{"line":67,"column":32},"end":{"line":67,"column":56}},"30":{"start":{"line":69,"column":32},"end":{"line":76,"column":58}},"31":{"start":{"line":79,"column":32},"end":{"line":79,"column":80}},"32":{"start":{"line":83,"column":28},"end":{"line":83,"column":70}},"33":{"start":{"line":88,"column":20},"end":{"line":88,"column":28}},"34":{"start":{"line":92,"column":12},"end":{"line":92,"column":120}},"35":{"start":{"line":94,"column":8},"end":{"line":94,"column":242}},"36":{"start":{"line":95,"column":8},"end":{"line":95,"column":257}},"37":{"start":{"line":97,"column":8},"end":{"line":97,"column":175}},"38":{"start":{"line":99,"column":8},"end":{"line":99,"column":33}},"39":{"start":{"line":101,"column":4},"end":{"line":104,"column":5}},"40":{"start":{"line":102,"column":8},"end":{"line":102,"column":97}},"41":{"start":{"line":103,"column":8},"end":{"line":103,"column":19}},"42":{"start":{"line":105,"column":4},"end":{"line":105,"column":25}}},"branchMap":{"1":{"line":2,"type":"cond-expr","locations":[{"start":{"line":3,"column":4},"end":{"line":5,"column":6}},{"start":{"line":5,"column":9},"end":{"line":8,"column":63}}]},"2":{"line":2,"type":"binary-expr","locations":[{"start":{"line":2,"column":4},"end":{"line":2,"column":31}},{"start":{"line":2,"column":35},"end":{"line":2,"column":45}}]},"3":{"line":5,"type":"cond-expr","locations":[{"start":{"line":8,"column":4},"end":{"line":8,"column":30}},{"start":{"line":8,"column":33},"end":{"line":8,"column":63}}]},"4":{"line":5,"type":"binary-expr","locations":[{"start":{"line":5,"column":9},"end":{"line":5,"column":34}},{"start":{"line":5,"column":38},"end":{"line":5,"column":52}}]},"5":{"line":13,"type":"if","locations":[{"start":{"line":13,"column":8},"end":{"line":13,"column":8}},{"start":{"line":13,"column":8},"end":{"line":13,"column":8}}]},"6":{"line":15,"type":"binary-expr","locations":[{"start":{"line":15,"column":72},"end":{"line":15,"column":100}},{"start":{"line":15,"column":104},"end":{"line":15,"column":134}}]},"7":{"line":17,"type":"binary-expr","locations":[{"start":{"line":17,"column":12},"end":{"line":17,"column":19}},{"start":{"line":17,"column":23},"end":{"line":17,"column":59}}]},"8":{"line":31,"type":"if","locations":[{"start":{"line":31,"column":12},"end":{"line":31,"column":12}},{"start":{"line":31,"column":12},"end":{"line":31,"column":12}}]},"9":{"line":35,"type":"binary-expr","locations":[{"start":{"line":35,"column":16},"end":{"line":35,"column":30}},{"start":{"line":35,"column":35},"end":{"line":36,"column":88}}]},"10":{"line":41,"type":"binary-expr","locations":[{"start":{"line":41,"column":20},"end":{"line":41,"column":26}},{"start":{"line":41,"column":31},"end":{"line":41,"column":107}}]},"11":{"line":56,"type":"if","locations":[{"start":{"line":56,"column":16},"end":{"line":56,"column":16}},{"start":{"line":56,"column":16},"end":{"line":56,"column":16}}]},"12":{"line":57,"type":"binary-expr","locations":[{"start":{"line":57,"column":30},"end":{"line":57,"column":60}},{"start":{"line":57,"column":64},"end":{"line":57,"column":88}}]},"13":{"line":58,"type":"if","locations":[{"start":{"line":58,"column":20},"end":{"line":58,"column":20}},{"start":{"line":58,"column":20},"end":{"line":58,"column":20}}]},"14":{"line":59,"type":"if","locations":[{"start":{"line":59,"column":24},"end":{"line":59,"column":24}},{"start":{"line":59,"column":24},"end":{"line":59,"column":24}}]},"15":{"line":59,"type":"binary-expr","locations":[{"start":{"line":59,"column":28},"end":{"line":59,"column":42}},{"start":{"line":59,"column":46},"end":{"line":59,"column":74}}]},"16":{"line":65,"type":"if","locations":[{"start":{"line":65,"column":28},"end":{"line":65,"column":28}},{"start":{"line":65,"column":28},"end":{"line":65,"column":28}}]},"17":{"line":69,"type":"binary-expr","locations":[{"start":{"line":69,"column":32},"end":{"line":69,"column":35}},{"start":{"line":69,"column":40},"end":{"line":70,"column":48}}]},"18":{"line":92,"type":"binary-expr","locations":[{"start":{"line":92,"column":13},"end":{"line":92,"column":25}},{"start":{"line":92,"column":29},"end":{"line":92,"column":77}},{"start":{"line":92,"column":82},"end":{"line":92,"column":119}}]},"19":{"line":95,"type":"cond-expr","locations":[{"start":{"line":95,"column":40},"end":{"line":95,"column":53}},{"start":{"line":95,"column":56},"end":{"line":95,"column":256}}]},"20":{"line":95,"type":"binary-expr","locations":[{"start":{"line":95,"column":56},"end":{"line":95,"column":91}},{"start":{"line":95,"column":95},"end":{"line":95,"column":152}},{"start":{"line":95,"column":156},"end":{"line":95,"column":208}},{"start":{"line":95,"column":212},"end":{"line":95,"column":244}},{"start":{"line":95,"column":248},"end":{"line":95,"column":256}}]},"21":{"line":95,"type":"binary-expr","locations":[{"start":{"line":95,"column":96},"end":{"line":95,"column":134}},{"start":{"line":95,"column":138},"end":{"line":95,"column":140}}]},"22":{"line":95,"type":"binary-expr","locations":[{"start":{"line":95,"column":157},"end":{"line":95,"column":192}},{"start":{"line":95,"column":196},"end":{"line":95,"column":198}}]},"23":{"line":97,"type":"binary-expr","locations":[{"start":{"line":97,"column":51},"end":{"line":97,"column":79}},{"start":{"line":97,"column":83},"end":{"line":97,"column":93}}]},"24":{"line":99,"type":"binary-expr","locations":[{"start":{"line":99,"column":8},"end":{"line":99,"column":16}},{"start":{"line":99,"column":20},"end":{"line":99,"column":32}}]},"25":{"line":102,"type":"binary-expr","locations":[{"start":{"line":102,"column":29},"end":{"line":102,"column":65}},{"start":{"line":102,"column":70},"end":{"line":102,"column":90}}]}},"code":["!function(root, factory) {","    \"function\" == typeof define && define.amd ? // AMD. Register as an anonymous module unless amdModuleId is set","    define([], function() {","        return root.svg4everybody = factory();","    }) : \"object\" == typeof module && module.exports ? // Node. Does not work with strict CommonJS, but","    // only CommonJS-like environments that support module.exports,","    // like Node.","    module.exports = factory() : root.svg4everybody = factory();","}(this, function() {","    /*! svg4everybody v2.1.7 | github.com/jonathantneal/svg4everybody */","    function embed(parent, svg, target) {","        // if the target exists","        if (target) {","            // create a document fragment to hold the contents of the target","            var fragment = document.createDocumentFragment(), viewBox = !svg.hasAttribute(\"viewBox\") && target.getAttribute(\"viewBox\");","            // conditionally set the viewBox on the svg","            viewBox && svg.setAttribute(\"viewBox\", viewBox);","            // copy the contents of the clone into the fragment","            for (// clone the target","            var clone = target.cloneNode(!0); clone.childNodes.length; ) {","                fragment.appendChild(clone.firstChild);","            }","            // append the fragment into the svg","            parent.appendChild(fragment);","        }","    }","    function loadreadystatechange(xhr) {","        // listen to changes in the request","        xhr.onreadystatechange = function() {","            // if the request is ready","            if (4 === xhr.readyState) {","                // get the cached html document","                var cachedDocument = xhr._cachedDocument;","                // ensure the cached html document based on the xhr response","                cachedDocument || (cachedDocument = xhr._cachedDocument = document.implementation.createHTMLDocument(\"\"), ","                cachedDocument.body.innerHTML = xhr.responseText, xhr._cachedTarget = {}), // clear the xhr embeds list and embed each item","                xhr._embeds.splice(0).map(function(item) {","                    // get the cached target","                    var target = xhr._cachedTarget[item.id];","                    // ensure the cached target","                    target || (target = xhr._cachedTarget[item.id] = cachedDocument.getElementById(item.id)), ","                    // embed the target into the svg","                    embed(item.parent, item.svg, target);","                });","            }","        }, // test the ready state change immediately","        xhr.onreadystatechange();","    }","    function svg4everybody(rawopts) {","        function oninterval() {","            // while the index exists in the live <use> collection","            for (// get the cached <use> index","            var index = 0; index < uses.length; ) {","                // get the current <use>","                var use = uses[index], parent = use.parentNode, svg = getSVGAncestor(parent);","                if (svg) {","                    var src = use.getAttribute(\"xlink:href\") || use.getAttribute(\"href\");","                    if (polyfill) {","                        if (!opts.validate || opts.validate(src, svg, use)) {","                            // remove the <use> element","                            parent.removeChild(use);","                            // parse the src and get the url and id","                            var srcSplit = src.split(\"#\"), url = srcSplit.shift(), id = srcSplit.join(\"#\");","                            // if the link is external","                            if (url.length) {","                                // get the cached xhr request","                                var xhr = requests[url];","                                // ensure the xhr request exists","                                xhr || (xhr = requests[url] = new XMLHttpRequest(), xhr.open(\"GET\", url), xhr.send(), ","                                xhr._embeds = []), // add the svg and id as an item to the xhr embeds list","                                xhr._embeds.push({","                                    parent: parent,","                                    svg: svg,","                                    id: id","                                }), // prepare the xhr ready state change event","                                loadreadystatechange(xhr);","                            } else {","                                // embed the local id into the svg","                                embed(parent, svg, document.getElementById(id));","                            }","                        } else {","                            // increase the index when the previous value was not \"valid\"","                            ++index, ++numberOfSvgUseElementsToBypass;","                        }","                    }","                } else {","                    // increase the index when the previous value was not \"valid\"","                    ++index;","                }","            }","            // continue the interval","            (!uses.length || uses.length - numberOfSvgUseElementsToBypass > 0) && requestAnimationFrame(oninterval, 67);","        }","        var polyfill, opts = Object(rawopts), newerIEUA = /\\bTrident\\/[567]\\b|\\bMSIE (?:9|10)\\.0\\b/, webkitUA = /\\bAppleWebKit\\/(\\d+)\\b/, olderEdgeUA = /\\bEdge\\/12\\.(\\d+)\\b/, edgeUA = /\\bEdge\\/.(\\d+)\\b/, inIframe = window.top !== window.self;","        polyfill = \"polyfill\" in opts ? opts.polyfill : newerIEUA.test(navigator.userAgent) || (navigator.userAgent.match(olderEdgeUA) || [])[1] < 10547 || (navigator.userAgent.match(webkitUA) || [])[1] < 537 || edgeUA.test(navigator.userAgent) && inIframe;","        // create xhr requests object","        var requests = {}, requestAnimationFrame = window.requestAnimationFrame || setTimeout, uses = document.getElementsByTagName(\"use\"), numberOfSvgUseElementsToBypass = 0;","        // conditionally start the interval if the polyfill is active","        polyfill && oninterval();","    }","    function getSVGAncestor(node) {","        for (var svg = node; \"svg\" !== svg.nodeName.toLowerCase() && (svg = svg.parentNode); ) {}","        return svg;","    }","    return svg4everybody;","});"],"l":{"1":1,"2":1,"4":0,"11":1,"13":0,"15":0,"17":0,"19":0,"21":0,"24":0,"27":1,"29":0,"31":0,"33":0,"35":0,"39":0,"41":0,"49":1,"50":1,"52":0,"55":0,"56":0,"57":0,"58":0,"59":0,"61":0,"63":0,"65":0,"67":0,"69":0,"79":0,"83":0,"88":0,"92":0,"94":0,"95":0,"97":0,"99":0,"101":1,"102":0,"103":0,"105":1}},"/home/travis/build/npmtest/node-npmtest-svg4everybody/node_modules/svg4everybody/Gruntfile.js":{"path":"/home/travis/build/npmtest/node-npmtest-svg4everybody/node_modules/svg4everybody/Gruntfile.js","s":{"1":1,"2":0,"3":0,"4":0,"5":0,"6":0,"7":0},"b":{},"f":{"1":0},"fnMap":{"1":{"name":"(anonymous_1)","line":1,"loc":{"start":{"line":1,"column":17},"end":{"line":1,"column":34}}}},"statementMap":{"1":{"start":{"line":1,"column":0},"end":{"line":139,"column":2}},"2":{"start":{"line":2,"column":1},"end":{"line":124,"column":4}},"3":{"start":{"line":126,"column":1},"end":{"line":126,"column":36}},"4":{"start":{"line":129,"column":1},"end":{"line":129,"column":48}},"5":{"start":{"line":132,"column":1},"end":{"line":132,"column":56}},"6":{"start":{"line":135,"column":1},"end":{"line":135,"column":55}},"7":{"start":{"line":138,"column":1},"end":{"line":138,"column":42}}},"branchMap":{},"code":["module.exports = function (grunt) {","\tgrunt.initConfig({","\t\tpkg: grunt.file.readJSON('package.json'),","\t\teslint: {","\t\t\tgruntfile: {","\t\t\t\toptions: {","\t\t\t\t\trules: {","\t\t\t\t\t\tcamelcase: [0],","\t\t\t\t\t\t'global-require': [0]","\t\t\t\t\t}","\t\t\t\t},","\t\t\t\tfiles: {","\t\t\t\t\tsrc: ['Gruntfile.js']","\t\t\t\t}","\t\t\t},","\t\t\tbuildfile: {","\t\t\t\toptions: {","\t\t\t\t\tglobals: ['LEGACY_SUPPORT', 'svg4everybody'],","\t\t\t\t\trules: {","\t\t\t\t\t\t'no-magic-numbers': [0],","\t\t\t\t\t\t'no-unused-vars': [0]","\t\t\t\t\t}","\t\t\t\t},","\t\t\t\tfiles: {","\t\t\t\t\tsrc: ['lib/svg4everybody.js']","\t\t\t\t}","\t\t\t}","\t\t},","\t\tjscs: {","\t\t\tgruntfile: {","\t\t\t\toptions: {","\t\t\t\t\trequireCamelCaseOrUpperCaseIdentifiers: null","\t\t\t\t},","\t\t\t\tfiles: {","\t\t\t\t\tsrc: ['Gruntfile.js']","\t\t\t\t}","\t\t\t},","\t\t\tbuildfile: {","\t\t\t\tfiles: {","\t\t\t\t\tsrc: ['lib/svg4everybody.js']","\t\t\t\t}","\t\t\t}","\t\t},","\t\tuglify: {","\t\t\tbuild: {","\t\t\t\tfiles: {","\t\t\t\t\t'dist/svg4everybody.js': ['dist/svg4everybody.legacy.js']","\t\t\t\t},","\t\t\t\toptions: {","\t\t\t\t\tbeautify: {","\t\t\t\t\t\tbeautify: true,","\t\t\t\t\t\tbracketize: true","\t\t\t\t\t},","\t\t\t\t\tcompress: {","\t\t\t\t\t\tglobal_defs: {","\t\t\t\t\t\t\tLEGACY_SUPPORT: false","\t\t\t\t\t\t}","\t\t\t\t\t},","\t\t\t\t\tmangle: false,","\t\t\t\t\tpreserveComments: 'some'","\t\t\t\t}","\t\t\t},","\t\t\tbuildmin: {","\t\t\t\tfiles: {","\t\t\t\t\t'dist/svg4everybody.min.js': ['dist/svg4everybody.legacy.js']","\t\t\t\t},","\t\t\t\toptions: {","\t\t\t\t\tcompress: {","\t\t\t\t\t\tglobal_defs: {","\t\t\t\t\t\t\tLEGACY_SUPPORT: false","\t\t\t\t\t\t}","\t\t\t\t\t},","\t\t\t\t\tmangle: true,","\t\t\t\t\tpreserveComments: false","\t\t\t\t}","\t\t\t},","\t\t\tlegacy: {","\t\t\t\tfiles: {","\t\t\t\t\t'dist/svg4everybody.legacy.js': ['dist/svg4everybody.legacy.js']","\t\t\t\t},","\t\t\t\toptions: {","\t\t\t\t\tbeautify: {","\t\t\t\t\t\tbeautify: true,","\t\t\t\t\t\tbracketize: true","\t\t\t\t\t},","\t\t\t\t\tcompress: {","\t\t\t\t\t\tglobal_defs: {","\t\t\t\t\t\t\tLEGACY_SUPPORT: true","\t\t\t\t\t\t}","\t\t\t\t\t},","\t\t\t\t\tmangle: false,","\t\t\t\t\tpreserveComments: 'some'","\t\t\t\t}","\t\t\t},","\t\t\tlegacymin: {","\t\t\t\tfiles: {","\t\t\t\t\t'dist/svg4everybody.legacy.min.js': ['dist/svg4everybody.legacy.js']","\t\t\t\t},","\t\t\t\toptions: {","\t\t\t\t\tcompress: {","\t\t\t\t\t\tglobal_defs: {","\t\t\t\t\t\t\tLEGACY_SUPPORT: true","\t\t\t\t\t\t}","\t\t\t\t\t},","\t\t\t\t\tmangle: true,","\t\t\t\t\tpreserveComments: false","\t\t\t\t}","\t\t\t}","\t\t},","\t\tumd: {","\t\t\tbuild: {","\t\t\t\toptions: {","\t\t\t\t\tsrc: 'lib/svg4everybody.js',","\t\t\t\t\tdest: 'dist/svg4everybody.legacy.js',","\t\t\t\t\tglobalAlias: 'svg4everybody',","\t\t\t\t\tobjectToExport: 'svg4everybody'","\t\t\t\t}","\t\t\t}","\t\t},","\t\twatch:  {","\t\t\tfiles: ['lib/svg4everybody.js'],","\t\t\ttasks: ['test', 'build']","\t\t}","\t});","","\trequire('load-grunt-tasks')(grunt);","","\t// npm run test","\tgrunt.registerTask('test', ['eslint', 'jscs']);","","\t// npm run build, grunt build","\tgrunt.registerTask('build', ['test', 'umd', 'uglify']);","","\t// npm run watch, grunt build:watch","\tgrunt.registerTask('build:watch', ['build', 'watch']);","","\t// grunt","\tgrunt.registerTask('default', ['build']);","};",""],"l":{"1":1,"2":0,"126":0,"129":0,"132":0,"135":0,"138":0}},"/home/travis/build/npmtest/node-npmtest-svg4everybody/node_modules/svg4everybody/lib/svg4everybody.js":{"path":"/home/travis/build/npmtest/node-npmtest-svg4everybody/node_modules/svg4everybody/lib/svg4everybody.js","s":{"1":1,"2":0,"3":0,"4":0,"5":0,"6":0,"7":0,"8":0,"9":0,"10":0,"11":1,"12":0,"13":0,"14":0,"15":0,"16":0,"17":0,"18":0,"19":0,"20":0,"21":0,"22":0,"23":0,"24":0,"25":1,"26":0,"27":0,"28":0,"29":0,"30":0,"31":0,"32":0,"33":0,"34":0,"35":0,"36":0,"37":0,"38":0,"39":0,"40":0,"41":0,"42":0,"43":0,"44":0,"45":0,"46":0,"47":0,"48":0,"49":0,"50":0,"51":0,"52":1,"53":0,"54":0,"55":0,"56":0,"57":0,"58":0,"59":0,"60":0,"61":0,"62":0,"63":0,"64":0,"65":0,"66":0,"67":0,"68":0,"69":0,"70":0,"71":0,"72":0,"73":0,"74":0,"75":0,"76":0,"77":0,"78":0,"79":0,"80":0,"81":0,"82":0,"83":0,"84":0,"85":0,"86":0,"87":0,"88":0,"89":0,"90":1,"91":0,"92":0,"93":0,"94":0,"95":0,"96":0},"b":{"1":[0,0],"2":[0,0],"3":[0,0],"4":[0,0],"5":[0,0],"6":[0,0],"7":[0,0],"8":[0,0],"9":[0,0],"10":[0,0],"11":[0,0],"12":[0,0],"13":[0,0],"14":[0,0,0,0,0,0],"15":[0,0],"16":[0,0],"17":[0,0,0,0,0],"18":[0,0],"19":[0,0],"20":[0,0],"21":[0,0],"22":[0,0],"23":[0,0],"24":[0,0],"25":[0,0],"26":[0,0],"27":[0,0],"28":[0,0],"29":[0,0],"30":[0,0],"31":[0,0],"32":[0,0],"33":[0,0],"34":[0,0],"35":[0,0]},"f":{"1":0,"2":0,"3":0,"4":0,"5":0,"6":0,"7":0,"8":0},"fnMap":{"1":{"name":"embed","line":3,"loc":{"start":{"line":3,"column":0},"end":{"line":3,"column":36}}},"2":{"name":"loadreadystatechange","line":30,"loc":{"start":{"line":30,"column":0},"end":{"line":30,"column":35}}},"3":{"name":"(anonymous_3)","line":32,"loc":{"start":{"line":32,"column":26},"end":{"line":32,"column":38}}},"4":{"name":"(anonymous_4)","line":48,"loc":{"start":{"line":48,"column":29},"end":{"line":48,"column":45}}},"5":{"name":"svg4everybody","line":67,"loc":{"start":{"line":67,"column":0},"end":{"line":67,"column":32}}},"6":{"name":"(anonymous_6)","line":77,"loc":{"start":{"line":77,"column":30},"end":{"line":77,"column":45}}},"7":{"name":"oninterval","line":119,"loc":{"start":{"line":119,"column":1},"end":{"line":119,"column":23}}},"8":{"name":"getSVGAncestor","line":215,"loc":{"start":{"line":215,"column":0},"end":{"line":215,"column":30}}}},"statementMap":{"1":{"start":{"line":3,"column":0},"end":{"line":28,"column":1}},"2":{"start":{"line":5,"column":1},"end":{"line":27,"column":2}},"3":{"start":{"line":7,"column":2},"end":{"line":7,"column":51}},"4":{"start":{"line":10,"column":2},"end":{"line":10,"column":79}},"5":{"start":{"line":13,"column":2},"end":{"line":15,"column":3}},"6":{"start":{"line":14,"column":3},"end":{"line":14,"column":40}},"7":{"start":{"line":18,"column":2},"end":{"line":18,"column":37}},"8":{"start":{"line":21,"column":2},"end":{"line":23,"column":3}},"9":{"start":{"line":22,"column":3},"end":{"line":22,"column":42}},"10":{"start":{"line":26,"column":2},"end":{"line":26,"column":31}},"11":{"start":{"line":30,"column":0},"end":{"line":65,"column":1}},"12":{"start":{"line":32,"column":1},"end":{"line":61,"column":3}},"13":{"start":{"line":34,"column":2},"end":{"line":60,"column":3}},"14":{"start":{"line":36,"column":3},"end":{"line":36,"column":44}},"15":{"start":{"line":39,"column":3},"end":{"line":45,"column":4}},"16":{"start":{"line":40,"column":4},"end":{"line":40,"column":90}},"17":{"start":{"line":42,"column":4},"end":{"line":42,"column":53}},"18":{"start":{"line":44,"column":4},"end":{"line":44,"column":27}},"19":{"start":{"line":48,"column":3},"end":{"line":59,"column":6}},"20":{"start":{"line":50,"column":4},"end":{"line":50,"column":44}},"21":{"start":{"line":53,"column":4},"end":{"line":55,"column":5}},"22":{"start":{"line":54,"column":5},"end":{"line":54,"column":82}},"23":{"start":{"line":58,"column":4},"end":{"line":58,"column":41}},"24":{"start":{"line":64,"column":1},"end":{"line":64,"column":26}},"25":{"start":{"line":67,"column":0},"end":{"line":213,"column":1}},"26":{"start":{"line":68,"column":1},"end":{"line":68,"column":28}},"27":{"start":{"line":71,"column":1},"end":{"line":71,"column":11}},"28":{"start":{"line":72,"column":1},"end":{"line":72,"column":14}},"29":{"start":{"line":75,"column":1},"end":{"line":89,"column":2}},"30":{"start":{"line":77,"column":2},"end":{"line":79,"column":4}},"31":{"start":{"line":78,"column":3},"end":{"line":78,"column":118}},"32":{"start":{"line":82,"column":2},"end":{"line":82,"column":84}},"33":{"start":{"line":85,"column":2},"end":{"line":88,"column":3}},"34":{"start":{"line":86,"column":3},"end":{"line":86,"column":33}},"35":{"start":{"line":87,"column":3},"end":{"line":87,"column":33}},"36":{"start":{"line":92,"column":1},"end":{"line":92,"column":14}},"37":{"start":{"line":93,"column":1},"end":{"line":93,"column":37}},"38":{"start":{"line":94,"column":1},"end":{"line":94,"column":59}},"39":{"start":{"line":95,"column":1},"end":{"line":95,"column":41}},"40":{"start":{"line":96,"column":1},"end":{"line":96,"column":41}},"41":{"start":{"line":97,"column":1},"end":{"line":97,"column":33}},"42":{"start":{"line":99,"column":1},"end":{"line":99,"column":43}},"43":{"start":{"line":101,"column":1},"end":{"line":107,"column":2}},"44":{"start":{"line":102,"column":2},"end":{"line":102,"column":27}},"45":{"start":{"line":103,"column":8},"end":{"line":107,"column":2}},"46":{"start":{"line":104,"column":2},"end":{"line":104,"column":253}},"47":{"start":{"line":106,"column":2},"end":{"line":106,"column":214}},"48":{"start":{"line":110,"column":1},"end":{"line":110,"column":19}},"49":{"start":{"line":113,"column":1},"end":{"line":113,"column":72}},"50":{"start":{"line":116,"column":1},"end":{"line":116,"column":49}},"51":{"start":{"line":117,"column":1},"end":{"line":117,"column":40}},"52":{"start":{"line":119,"column":1},"end":{"line":207,"column":2}},"53":{"start":{"line":121,"column":2},"end":{"line":121,"column":16}},"54":{"start":{"line":124,"column":2},"end":{"line":201,"column":3}},"55":{"start":{"line":126,"column":3},"end":{"line":126,"column":25}},"56":{"start":{"line":129,"column":3},"end":{"line":129,"column":31}},"57":{"start":{"line":130,"column":3},"end":{"line":130,"column":36}},"58":{"start":{"line":132,"column":3},"end":{"line":200,"column":4}},"59":{"start":{"line":133,"column":4},"end":{"line":133,"column":73}},"60":{"start":{"line":136,"column":4},"end":{"line":196,"column":5}},"61":{"start":{"line":138,"column":5},"end":{"line":138,"column":45}},"62":{"start":{"line":141,"column":5},"end":{"line":141,"column":71}},"63":{"start":{"line":144,"column":5},"end":{"line":144,"column":77}},"64":{"start":{"line":145,"column":5},"end":{"line":145,"column":80}},"65":{"start":{"line":148,"column":5},"end":{"line":148,"column":39}},"66":{"start":{"line":151,"column":5},"end":{"line":151,"column":35}},"67":{"start":{"line":152,"column":11},"end":{"line":196,"column":5}},"68":{"start":{"line":153,"column":5},"end":{"line":195,"column":6}},"69":{"start":{"line":155,"column":6},"end":{"line":155,"column":30}},"70":{"start":{"line":158,"column":6},"end":{"line":158,"column":36}},"71":{"start":{"line":159,"column":6},"end":{"line":159,"column":33}},"72":{"start":{"line":160,"column":6},"end":{"line":160,"column":34}},"73":{"start":{"line":163,"column":6},"end":{"line":190,"column":7}},"74":{"start":{"line":165,"column":7},"end":{"line":165,"column":31}},"75":{"start":{"line":168,"column":7},"end":{"line":176,"column":8}},"76":{"start":{"line":169,"column":8},"end":{"line":169,"column":51}},"77":{"start":{"line":171,"column":8},"end":{"line":171,"column":29}},"78":{"start":{"line":173,"column":8},"end":{"line":173,"column":19}},"79":{"start":{"line":175,"column":8},"end":{"line":175,"column":25}},"80":{"start":{"line":179,"column":7},"end":{"line":183,"column":10}},"81":{"start":{"line":186,"column":7},"end":{"line":186,"column":33}},"82":{"start":{"line":189,"column":7},"end":{"line":189,"column":55}},"83":{"start":{"line":193,"column":6},"end":{"line":193,"column":14}},"84":{"start":{"line":194,"column":6},"end":{"line":194,"column":39}},"85":{"start":{"line":199,"column":4},"end":{"line":199,"column":12}},"86":{"start":{"line":204,"column":2},"end":{"line":206,"column":3}},"87":{"start":{"line":205,"column":3},"end":{"line":205,"column":41}},"88":{"start":{"line":210,"column":1},"end":{"line":212,"column":2}},"89":{"start":{"line":211,"column":2},"end":{"line":211,"column":15}},"90":{"start":{"line":215,"column":0},"end":{"line":224,"column":1}},"91":{"start":{"line":216,"column":1},"end":{"line":216,"column":16}},"92":{"start":{"line":217,"column":1},"end":{"line":222,"column":2}},"93":{"start":{"line":218,"column":2},"end":{"line":218,"column":23}},"94":{"start":{"line":219,"column":2},"end":{"line":221,"column":3}},"95":{"start":{"line":220,"column":3},"end":{"line":220,"column":9}},"96":{"start":{"line":223,"column":1},"end":{"line":223,"column":12}}},"branchMap":{"1":{"line":5,"type":"if","locations":[{"start":{"line":5,"column":1},"end":{"line":5,"column":1}},{"start":{"line":5,"column":1},"end":{"line":5,"column":1}}]},"2":{"line":10,"type":"binary-expr","locations":[{"start":{"line":10,"column":16},"end":{"line":10,"column":44}},{"start":{"line":10,"column":48},"end":{"line":10,"column":78}}]},"3":{"line":13,"type":"if","locations":[{"start":{"line":13,"column":2},"end":{"line":13,"column":2}},{"start":{"line":13,"column":2},"end":{"line":13,"column":2}}]},"4":{"line":34,"type":"if","locations":[{"start":{"line":34,"column":2},"end":{"line":34,"column":2}},{"start":{"line":34,"column":2},"end":{"line":34,"column":2}}]},"5":{"line":39,"type":"if","locations":[{"start":{"line":39,"column":3},"end":{"line":39,"column":3}},{"start":{"line":39,"column":3},"end":{"line":39,"column":3}}]},"6":{"line":53,"type":"if","locations":[{"start":{"line":53,"column":4},"end":{"line":53,"column":4}},{"start":{"line":53,"column":4},"end":{"line":53,"column":4}}]},"7":{"line":75,"type":"if","locations":[{"start":{"line":75,"column":1},"end":{"line":75,"column":1}},{"start":{"line":75,"column":1},"end":{"line":75,"column":1}}]},"8":{"line":77,"type":"binary-expr","locations":[{"start":{"line":77,"column":13},"end":{"line":77,"column":26}},{"start":{"line":77,"column":30},"end":{"line":79,"column":3}}]},"9":{"line":78,"type":"binary-expr","locations":[{"start":{"line":78,"column":86},"end":{"line":78,"column":105}},{"start":{"line":78,"column":109},"end":{"line":78,"column":113}}]},"10":{"line":82,"type":"cond-expr","locations":[{"start":{"line":82,"column":28},"end":{"line":82,"column":38}},{"start":{"line":82,"column":41},"end":{"line":82,"column":83}}]},"11":{"line":85,"type":"if","locations":[{"start":{"line":85,"column":2},"end":{"line":85,"column":2}},{"start":{"line":85,"column":2},"end":{"line":85,"column":2}}]},"12":{"line":101,"type":"if","locations":[{"start":{"line":101,"column":1},"end":{"line":101,"column":1}},{"start":{"line":101,"column":1},"end":{"line":101,"column":1}}]},"13":{"line":103,"type":"if","locations":[{"start":{"line":103,"column":8},"end":{"line":103,"column":8}},{"start":{"line":103,"column":8},"end":{"line":103,"column":8}}]},"14":{"line":104,"type":"binary-expr","locations":[{"start":{"line":104,"column":13},"end":{"line":104,"column":48}},{"start":{"line":104,"column":52},"end":{"line":104,"column":87}},{"start":{"line":104,"column":91},"end":{"line":104,"column":148}},{"start":{"line":104,"column":152},"end":{"line":104,"column":204}},{"start":{"line":104,"column":208},"end":{"line":104,"column":240}},{"start":{"line":104,"column":244},"end":{"line":104,"column":252}}]},"15":{"line":104,"type":"binary-expr","locations":[{"start":{"line":104,"column":92},"end":{"line":104,"column":130}},{"start":{"line":104,"column":134},"end":{"line":104,"column":136}}]},"16":{"line":104,"type":"binary-expr","locations":[{"start":{"line":104,"column":153},"end":{"line":104,"column":188}},{"start":{"line":104,"column":192},"end":{"line":104,"column":194}}]},"17":{"line":106,"type":"binary-expr","locations":[{"start":{"line":106,"column":13},"end":{"line":106,"column":48}},{"start":{"line":106,"column":52},"end":{"line":106,"column":109}},{"start":{"line":106,"column":113},"end":{"line":106,"column":165}},{"start":{"line":106,"column":169},"end":{"line":106,"column":201}},{"start":{"line":106,"column":205},"end":{"line":106,"column":213}}]},"18":{"line":106,"type":"binary-expr","locations":[{"start":{"line":106,"column":53},"end":{"line":106,"column":91}},{"start":{"line":106,"column":95},"end":{"line":106,"column":97}}]},"19":{"line":106,"type":"binary-expr","locations":[{"start":{"line":106,"column":114},"end":{"line":106,"column":149}},{"start":{"line":106,"column":153},"end":{"line":106,"column":155}}]},"20":{"line":113,"type":"binary-expr","locations":[{"start":{"line":113,"column":29},"end":{"line":113,"column":57}},{"start":{"line":113,"column":61},"end":{"line":113,"column":71}}]},"21":{"line":132,"type":"if","locations":[{"start":{"line":132,"column":3},"end":{"line":132,"column":3}},{"start":{"line":132,"column":3},"end":{"line":132,"column":3}}]},"22":{"line":133,"type":"binary-expr","locations":[{"start":{"line":133,"column":14},"end":{"line":133,"column":44}},{"start":{"line":133,"column":48},"end":{"line":133,"column":72}}]},"23":{"line":136,"type":"if","locations":[{"start":{"line":136,"column":4},"end":{"line":136,"column":4}},{"start":{"line":136,"column":4},"end":{"line":136,"column":4}}]},"24":{"line":136,"type":"binary-expr","locations":[{"start":{"line":136,"column":8},"end":{"line":136,"column":22}},{"start":{"line":136,"column":26},"end":{"line":136,"column":31}}]},"25":{"line":144,"type":"binary-expr","locations":[{"start":{"line":144,"column":31},"end":{"line":144,"column":56}},{"start":{"line":144,"column":60},"end":{"line":144,"column":75}}]},"26":{"line":145,"type":"binary-expr","locations":[{"start":{"line":145,"column":32},"end":{"line":145,"column":58}},{"start":{"line":145,"column":62},"end":{"line":145,"column":78}}]},"27":{"line":152,"type":"if","locations":[{"start":{"line":152,"column":11},"end":{"line":152,"column":11}},{"start":{"line":152,"column":11},"end":{"line":152,"column":11}}]},"28":{"line":153,"type":"if","locations":[{"start":{"line":153,"column":5},"end":{"line":153,"column":5}},{"start":{"line":153,"column":5},"end":{"line":153,"column":5}}]},"29":{"line":153,"type":"binary-expr","locations":[{"start":{"line":153,"column":9},"end":{"line":153,"column":23}},{"start":{"line":153,"column":27},"end":{"line":153,"column":55}}]},"30":{"line":163,"type":"if","locations":[{"start":{"line":163,"column":6},"end":{"line":163,"column":6}},{"start":{"line":163,"column":6},"end":{"line":163,"column":6}}]},"31":{"line":168,"type":"if","locations":[{"start":{"line":168,"column":7},"end":{"line":168,"column":7}},{"start":{"line":168,"column":7},"end":{"line":168,"column":7}}]},"32":{"line":204,"type":"if","locations":[{"start":{"line":204,"column":2},"end":{"line":204,"column":2}},{"start":{"line":204,"column":2},"end":{"line":204,"column":2}}]},"33":{"line":204,"type":"binary-expr","locations":[{"start":{"line":204,"column":6},"end":{"line":204,"column":18}},{"start":{"line":204,"column":22},"end":{"line":204,"column":70}}]},"34":{"line":210,"type":"if","locations":[{"start":{"line":210,"column":1},"end":{"line":210,"column":1}},{"start":{"line":210,"column":1},"end":{"line":210,"column":1}}]},"35":{"line":219,"type":"if","locations":[{"start":{"line":219,"column":2},"end":{"line":219,"column":2}},{"start":{"line":219,"column":2},"end":{"line":219,"column":2}}]}},"code":["/*! svg4everybody v2.1.7 | github.com/jonathantneal/svg4everybody */","","function embed(parent, svg, target) {","\t// if the target exists","\tif (target) {","\t\t// create a document fragment to hold the contents of the target","\t\tvar fragment = document.createDocumentFragment();","","\t\t// cache the closest matching viewBox","\t\tvar viewBox = !svg.hasAttribute('viewBox') && target.getAttribute('viewBox');","","\t\t// conditionally set the viewBox on the svg","\t\tif (viewBox) {","\t\t\tsvg.setAttribute('viewBox', viewBox);","\t\t}","","\t\t// clone the target","\t\tvar clone = target.cloneNode(true);","","\t\t// copy the contents of the clone into the fragment","\t\twhile (clone.childNodes.length) {","\t\t\tfragment.appendChild(clone.firstChild);","\t\t}","","\t\t// append the fragment into the svg","\t\tparent.appendChild(fragment);","\t}","}","","function loadreadystatechange(xhr) {","\t// listen to changes in the request","\txhr.onreadystatechange = function () {","\t\t// if the request is ready","\t\tif (xhr.readyState === 4) {","\t\t\t// get the cached html document","\t\t\tvar cachedDocument = xhr._cachedDocument;","","\t\t\t// ensure the cached html document based on the xhr response","\t\t\tif (!cachedDocument) {","\t\t\t\tcachedDocument = xhr._cachedDocument = document.implementation.createHTMLDocument('');","","\t\t\t\tcachedDocument.body.innerHTML = xhr.responseText;","","\t\t\t\txhr._cachedTarget = {};","\t\t\t}","","\t\t\t// clear the xhr embeds list and embed each item","\t\t\txhr._embeds.splice(0).map(function (item) {","\t\t\t\t// get the cached target","\t\t\t\tvar target = xhr._cachedTarget[item.id];","","\t\t\t\t// ensure the cached target","\t\t\t\tif (!target) {","\t\t\t\t\ttarget = xhr._cachedTarget[item.id] = cachedDocument.getElementById(item.id);","\t\t\t\t}","","\t\t\t\t// embed the target into the svg","\t\t\t\tembed(item.parent, item.svg, target);","\t\t\t});","\t\t}","\t};","","\t// test the ready state change immediately","\txhr.onreadystatechange();","}","","function svg4everybody(rawopts) {","\tvar opts = Object(rawopts);","","\t// create legacy support variables","\tvar nosvg;","\tvar fallback;","","\t// if running with legacy support","\tif (LEGACY_SUPPORT) {","\t\t// configure the fallback method","\t\tfallback = opts.fallback || function (src) {","\t\t\treturn src.replace(/\\?[^#]+/, '').replace('#', '.').replace(/^\\./, '') + '.png' + (/\\?[^#]+/.exec(src) || [''])[0];","\t\t};","","\t\t// set whether to shiv <svg> and <use> elements and use image fallbacks","\t\tnosvg = 'nosvg' in opts ? opts.nosvg : /\\bMSIE [1-8]\\b/.test(navigator.userAgent);","","\t\t// conditionally shiv <svg> and <use>","\t\tif (nosvg) {","\t\t\tdocument.createElement('svg');","\t\t\tdocument.createElement('use');","\t\t}","\t}","","\t// set whether the polyfill will be activated or not","\tvar polyfill;","\tvar olderIEUA = /\\bMSIE [1-8]\\.0\\b/;","\tvar newerIEUA = /\\bTrident\\/[567]\\b|\\bMSIE (?:9|10)\\.0\\b/;","\tvar webkitUA = /\\bAppleWebKit\\/(\\d+)\\b/;","\tvar olderEdgeUA = /\\bEdge\\/12\\.(\\d+)\\b/;","\tvar edgeUA = /\\bEdge\\/.(\\d+)\\b/;","\t//Checks whether iframed","\tvar inIframe = window.top !== window.self;","","\tif ('polyfill' in opts) {","\t\tpolyfill = opts.polyfill;","\t} else if (LEGACY_SUPPORT) {","\t\tpolyfill = olderIEUA.test(navigator.userAgent) || newerIEUA.test(navigator.userAgent) || (navigator.userAgent.match(olderEdgeUA) || [])[1] < 10547 || (navigator.userAgent.match(webkitUA) || [])[1] < 537 || edgeUA.test(navigator.userAgent) && inIframe;","\t} else {","\t\tpolyfill = newerIEUA.test(navigator.userAgent) || (navigator.userAgent.match(olderEdgeUA) || [])[1] < 10547 || (navigator.userAgent.match(webkitUA) || [])[1] < 537 || edgeUA.test(navigator.userAgent) && inIframe;","\t}","","\t// create xhr requests object","\tvar requests = {};","","\t// use request animation frame or a timeout to search the dom for svgs","\tvar requestAnimationFrame = window.requestAnimationFrame || setTimeout;","","\t// get a live collection of use elements on the page","\tvar uses = document.getElementsByTagName('use');","\tvar numberOfSvgUseElementsToBypass = 0;","","\tfunction oninterval() {","\t\t// get the cached <use> index","\t\tvar index = 0;","","\t\t// while the index exists in the live <use> collection","\t\twhile (index < uses.length) {","\t\t\t// get the current <use>","\t\t\tvar use = uses[index];","","\t\t\t// get the current <svg>","\t\t\tvar parent = use.parentNode;","\t\t\tvar svg = getSVGAncestor(parent);","","\t\t\tif (svg) {","\t\t\t\tvar src = use.getAttribute('xlink:href') || use.getAttribute('href');","","\t\t\t\t// if running with legacy support","\t\t\t\tif (LEGACY_SUPPORT && nosvg) {","\t\t\t\t\t// create a new fallback image","\t\t\t\t\tvar img = document.createElement('img');","","\t\t\t\t\t// force display in older IE","\t\t\t\t\timg.style.cssText = 'display:inline-block;height:100%;width:100%';","","\t\t\t\t\t// set the fallback size using the svg size","\t\t\t\t\timg.setAttribute('width', svg.getAttribute('width') || svg.clientWidth);","\t\t\t\t\timg.setAttribute('height', svg.getAttribute('height') || svg.clientHeight);","","\t\t\t\t\t// set the fallback src","\t\t\t\t\timg.src = fallback(src, svg, use);","","\t\t\t\t\t// replace the <use> with the fallback image","\t\t\t\t\tparent.replaceChild(img, use);","\t\t\t\t} else if (polyfill) {","\t\t\t\t\tif (!opts.validate || opts.validate(src, svg, use)) {","\t\t\t\t\t\t// remove the <use> element","\t\t\t\t\t\tparent.removeChild(use);","","\t\t\t\t\t\t// parse the src and get the url and id","\t\t\t\t\t\tvar srcSplit = src.split('#');","\t\t\t\t\t\tvar url = srcSplit.shift();","\t\t\t\t\t\tvar id = srcSplit.join('#');","","\t\t\t\t\t\t// if the link is external","\t\t\t\t\t\tif (url.length) {","\t\t\t\t\t\t\t// get the cached xhr request","\t\t\t\t\t\t\tvar xhr = requests[url];","","\t\t\t\t\t\t\t// ensure the xhr request exists","\t\t\t\t\t\t\tif (!xhr) {","\t\t\t\t\t\t\t\txhr = requests[url] = new XMLHttpRequest();","","\t\t\t\t\t\t\t\txhr.open('GET', url);","","\t\t\t\t\t\t\t\txhr.send();","","\t\t\t\t\t\t\t\txhr._embeds = [];","\t\t\t\t\t\t\t}","","\t\t\t\t\t\t\t// add the svg and id as an item to the xhr embeds list","\t\t\t\t\t\t\txhr._embeds.push({","\t\t\t\t\t\t\t\tparent: parent,","\t\t\t\t\t\t\t\tsvg: svg,","\t\t\t\t\t\t\t\tid: id","\t\t\t\t\t\t\t});","","\t\t\t\t\t\t\t// prepare the xhr ready state change event","\t\t\t\t\t\t\tloadreadystatechange(xhr);","\t\t\t\t\t\t} else {","\t\t\t\t\t\t\t// embed the local id into the svg","\t\t\t\t\t\t\tembed(parent, svg, document.getElementById(id));","\t\t\t\t\t\t}","\t\t\t\t\t} else {","\t\t\t\t\t\t// increase the index when the previous value was not \"valid\"","\t\t\t\t\t\t++index;","\t\t\t\t\t\t++numberOfSvgUseElementsToBypass;","\t\t\t\t\t}","\t\t\t\t}","\t\t\t} else {","\t\t\t\t// increase the index when the previous value was not \"valid\"","\t\t\t\t++index;","\t\t\t}","\t\t}","","\t\t// continue the interval","\t\tif (!uses.length || uses.length - numberOfSvgUseElementsToBypass > 0) {","\t\t\trequestAnimationFrame(oninterval, 67);","\t\t}","\t}","","\t// conditionally start the interval if the polyfill is active","\tif (polyfill) {","\t\toninterval();","\t}","}","","function getSVGAncestor(node) {","\tvar svg = node;","\twhile (svg.nodeName.toLowerCase() !== 'svg') {","\t\tsvg = svg.parentNode;","\t\tif (!svg) {","\t\t\tbreak;","\t\t}","\t}","\treturn svg;","}",""],"l":{"3":1,"5":0,"7":0,"10":0,"13":0,"14":0,"18":0,"21":0,"22":0,"26":0,"30":1,"32":0,"34":0,"36":0,"39":0,"40":0,"42":0,"44":0,"48":0,"50":0,"53":0,"54":0,"58":0,"64":0,"67":1,"68":0,"71":0,"72":0,"75":0,"77":0,"78":0,"82":0,"85":0,"86":0,"87":0,"92":0,"93":0,"94":0,"95":0,"96":0,"97":0,"99":0,"101":0,"102":0,"103":0,"104":0,"106":0,"110":0,"113":0,"116":0,"117":0,"119":1,"121":0,"124":0,"126":0,"129":0,"130":0,"132":0,"133":0,"136":0,"138":0,"141":0,"144":0,"145":0,"148":0,"151":0,"152":0,"153":0,"155":0,"158":0,"159":0,"160":0,"163":0,"165":0,"168":0,"169":0,"171":0,"173":0,"175":0,"179":0,"186":0,"189":0,"193":0,"194":0,"199":0,"204":0,"205":0,"210":0,"211":0,"215":1,"216":0,"217":0,"218":0,"219":0,"220":0,"223":0}}}